[2020-12-11 04:39:21,878] {taskinstance.py:670} INFO - Dependencies all met for <TaskInstance: import-dag.Importar1 2020-12-10T22:30:00+00:00 [queued]>
[2020-12-11 04:39:21,922] {taskinstance.py:670} INFO - Dependencies all met for <TaskInstance: import-dag.Importar1 2020-12-10T22:30:00+00:00 [queued]>
[2020-12-11 04:39:21,923] {taskinstance.py:880} INFO - 
--------------------------------------------------------------------------------
[2020-12-11 04:39:21,925] {taskinstance.py:881} INFO - Starting attempt 2 of 2
[2020-12-11 04:39:21,926] {taskinstance.py:882} INFO - 
--------------------------------------------------------------------------------
[2020-12-11 04:39:21,958] {taskinstance.py:901} INFO - Executing <Task(PythonOperator): Importar1> on 2020-12-10T22:30:00+00:00
[2020-12-11 04:39:21,969] {standard_task_runner.py:54} INFO - Started process 6205 to run task
[2020-12-11 04:39:22,041] {standard_task_runner.py:77} INFO - Running: ['airflow', 'run', 'import-dag', 'Importar1', '2020-12-10T22:30:00+00:00', '--job_id', '659', '--pool', 'default_pool', '--raw', '-sd', 'DAGS_FOLDER/import-dag.py', '--cfg_path', '/tmp/tmp8yf76c98']
[2020-12-11 04:39:22,048] {standard_task_runner.py:78} INFO - Job 659: Subtask Importar1
[2020-12-11 04:39:22,157] {logging_mixin.py:112} INFO - Running %s on host %s <TaskInstance: import-dag.Importar1 2020-12-10T22:30:00+00:00 [running]> d31552e451f4
[2020-12-11 04:39:22,229] {import-dag.py:31} INFO - =====Ejecutando Tarea de Importacion =============
[2020-12-11 04:39:22,231] {import-dag.py:32} INFO - ===== Archivo  =============
[2020-12-11 04:39:22,233] {import-dag.py:33} INFO - time_series_covid19_confirmed_global.csv
[2020-12-11 04:39:22,236] {import-dag.py:34} INFO - ===== Tabla  =============
[2020-12-11 04:39:22,239] {import-dag.py:35} INFO - time_series_covid19_confirmed_global
[2020-12-11 04:39:22,277] {taskinstance.py:1150} ERROR - 'Variable 127.0.0.1 does not exist'
Traceback (most recent call last):
  File "/home/airflow/.local/lib/python3.6/site-packages/airflow/models/taskinstance.py", line 984, in _run_raw_task
    result = task_copy.execute(context=context)
  File "/home/airflow/.local/lib/python3.6/site-packages/airflow/operators/python_operator.py", line 113, in execute
    return_value = self.execute_callable()
  File "/home/airflow/.local/lib/python3.6/site-packages/airflow/operators/python_operator.py", line 118, in execute_callable
    return self.python_callable(*self.op_args, **self.op_kwargs)
  File "/opt/airflow/dags/import-dag.py", line 36, in importarCsv
    host = Variable.get("127.0.0.1")
  File "/home/airflow/.local/lib/python3.6/site-packages/airflow/models/variable.py", line 117, in get
    raise KeyError('Variable {} does not exist'.format(key))
KeyError: 'Variable 127.0.0.1 does not exist'
[2020-12-11 04:39:22,299] {taskinstance.py:1194} INFO - Marking task as FAILED. dag_id=import-dag, task_id=Importar1, execution_date=20201210T223000, start_date=20201211T043921, end_date=20201211T043922
[2020-12-11 04:39:26,815] {local_task_job.py:102} INFO - Task exited with return code 1
