[2020-12-11 00:12:54,985] {taskinstance.py:670} INFO - Dependencies all met for <TaskInstance: import-dag.Importar1 2020-12-10T00:10:00+00:00 [queued]>
[2020-12-11 00:12:55,031] {taskinstance.py:670} INFO - Dependencies all met for <TaskInstance: import-dag.Importar1 2020-12-10T00:10:00+00:00 [queued]>
[2020-12-11 00:12:55,033] {taskinstance.py:880} INFO - 
--------------------------------------------------------------------------------
[2020-12-11 00:12:55,034] {taskinstance.py:881} INFO - Starting attempt 1 of 2
[2020-12-11 00:12:55,035] {taskinstance.py:882} INFO - 
--------------------------------------------------------------------------------
[2020-12-11 00:12:55,062] {taskinstance.py:901} INFO - Executing <Task(PythonOperator): Importar1> on 2020-12-10T00:10:00+00:00
[2020-12-11 00:12:55,066] {standard_task_runner.py:54} INFO - Started process 427 to run task
[2020-12-11 00:12:55,125] {standard_task_runner.py:77} INFO - Running: ['airflow', 'run', 'import-dag', 'Importar1', '2020-12-10T00:10:00+00:00', '--job_id', '9', '--pool', 'default_pool', '--raw', '-sd', 'DAGS_FOLDER/import-dag.py', '--cfg_path', '/tmp/tmpjd10bowh']
[2020-12-11 00:12:55,127] {standard_task_runner.py:78} INFO - Job 9: Subtask Importar1
[2020-12-11 00:12:55,205] {logging_mixin.py:112} INFO - Running %s on host %s <TaskInstance: import-dag.Importar1 2020-12-10T00:10:00+00:00 [running]> 7d635893eab6
[2020-12-11 00:12:55,269] {import-dag.py:28} INFO - =====Ejecutando Tarea de Importacion =============
[2020-12-11 00:12:55,271] {import-dag.py:29} INFO - ===== Archivo  =============
[2020-12-11 00:12:55,276] {import-dag.py:30} INFO - time_series_covid19_confirmed_global
[2020-12-11 00:12:55,277] {import-dag.py:31} INFO - ===== Tabla  =============
[2020-12-11 00:12:55,280] {taskinstance.py:1150} ERROR - 'tabla'
Traceback (most recent call last):
  File "/home/airflow/.local/lib/python3.6/site-packages/airflow/models/taskinstance.py", line 984, in _run_raw_task
    result = task_copy.execute(context=context)
  File "/home/airflow/.local/lib/python3.6/site-packages/airflow/operators/python_operator.py", line 113, in execute
    return_value = self.execute_callable()
  File "/home/airflow/.local/lib/python3.6/site-packages/airflow/operators/python_operator.py", line 118, in execute_callable
    return self.python_callable(*self.op_args, **self.op_kwargs)
  File "/opt/airflow/dags/import-dag.py", line 32, in importarCsv
    logger.info(kwargs['tabla'])
KeyError: 'tabla'
[2020-12-11 00:12:55,297] {taskinstance.py:1194} INFO - Marking task as UP_FOR_RETRY. dag_id=import-dag, task_id=Importar1, execution_date=20201210T001000, start_date=20201211T001254, end_date=20201211T001255
[2020-12-11 00:12:59,894] {local_task_job.py:102} INFO - Task exited with return code 1
[2020-12-11 00:25:36,390] {taskinstance.py:670} INFO - Dependencies all met for <TaskInstance: import-dag.Importar1 2020-12-10T00:10:00+00:00 [queued]>
[2020-12-11 00:25:36,441] {taskinstance.py:670} INFO - Dependencies all met for <TaskInstance: import-dag.Importar1 2020-12-10T00:10:00+00:00 [queued]>
[2020-12-11 00:25:36,443] {taskinstance.py:880} INFO - 
--------------------------------------------------------------------------------
[2020-12-11 00:25:36,445] {taskinstance.py:881} INFO - Starting attempt 1 of 2
[2020-12-11 00:25:36,452] {taskinstance.py:882} INFO - 
--------------------------------------------------------------------------------
[2020-12-11 00:25:36,464] {taskinstance.py:901} INFO - Executing <Task(PythonOperator): Importar1> on 2020-12-10T00:10:00+00:00
[2020-12-11 00:25:36,474] {standard_task_runner.py:54} INFO - Started process 162 to run task
[2020-12-11 00:25:36,520] {standard_task_runner.py:77} INFO - Running: ['airflow', 'run', 'import-dag', 'Importar1', '2020-12-10T00:10:00+00:00', '--job_id', '32', '--pool', 'default_pool', '--raw', '-sd', 'DAGS_FOLDER/import-dag.py', '--cfg_path', '/tmp/tmppolhkvzo']
[2020-12-11 00:25:36,524] {standard_task_runner.py:78} INFO - Job 32: Subtask Importar1
[2020-12-11 00:25:36,608] {logging_mixin.py:112} INFO - Running %s on host %s <TaskInstance: import-dag.Importar1 2020-12-10T00:10:00+00:00 [running]> 7d635893eab6
[2020-12-11 00:25:36,658] {import-dag.py:28} INFO - =====Ejecutando Tarea de Importacion =============
[2020-12-11 00:25:36,659] {import-dag.py:29} INFO - ===== Archivo  =============
[2020-12-11 00:25:36,661] {import-dag.py:30} INFO - time_series_covid19_confirmed_global.csv
[2020-12-11 00:25:36,662] {import-dag.py:31} INFO - ===== Tabla  =============
[2020-12-11 00:25:36,664] {import-dag.py:32} INFO - time_series_covid19_confirmed_global
[2020-12-11 00:25:36,665] {python_operator.py:114} INFO - Done. Returned value was: None
[2020-12-11 00:25:36,691] {taskinstance.py:1070} INFO - Marking task as SUCCESS.dag_id=import-dag, task_id=Importar1, execution_date=20201210T001000, start_date=20201211T002536, end_date=20201211T002536
[2020-12-11 00:25:41,340] {local_task_job.py:102} INFO - Task exited with return code 0
