[2020-12-11 00:13:35,946] {taskinstance.py:670} INFO - Dependencies all met for <TaskInstance: import-dag.Importar1 2020-12-10T00:30:00+00:00 [queued]>
[2020-12-11 00:13:35,983] {taskinstance.py:670} INFO - Dependencies all met for <TaskInstance: import-dag.Importar1 2020-12-10T00:30:00+00:00 [queued]>
[2020-12-11 00:13:35,985] {taskinstance.py:880} INFO - 
--------------------------------------------------------------------------------
[2020-12-11 00:13:35,987] {taskinstance.py:881} INFO - Starting attempt 1 of 2
[2020-12-11 00:13:35,988] {taskinstance.py:882} INFO - 
--------------------------------------------------------------------------------
[2020-12-11 00:13:36,018] {taskinstance.py:901} INFO - Executing <Task(PythonOperator): Importar1> on 2020-12-10T00:30:00+00:00
[2020-12-11 00:13:36,030] {standard_task_runner.py:54} INFO - Started process 483 to run task
[2020-12-11 00:13:36,072] {standard_task_runner.py:77} INFO - Running: ['airflow', 'run', 'import-dag', 'Importar1', '2020-12-10T00:30:00+00:00', '--job_id', '14', '--pool', 'default_pool', '--raw', '-sd', 'DAGS_FOLDER/import-dag.py', '--cfg_path', '/tmp/tmpuw9fu7aj']
[2020-12-11 00:13:36,077] {standard_task_runner.py:78} INFO - Job 14: Subtask Importar1
[2020-12-11 00:13:36,145] {logging_mixin.py:112} INFO - Running %s on host %s <TaskInstance: import-dag.Importar1 2020-12-10T00:30:00+00:00 [running]> 7d635893eab6
[2020-12-11 00:13:36,195] {import-dag.py:28} INFO - =====Ejecutando Tarea de Importacion =============
[2020-12-11 00:13:36,197] {import-dag.py:29} INFO - ===== Archivo  =============
[2020-12-11 00:13:36,200] {import-dag.py:30} INFO - time_series_covid19_confirmed_global
[2020-12-11 00:13:36,202] {import-dag.py:31} INFO - ===== Tabla  =============
[2020-12-11 00:13:36,204] {taskinstance.py:1150} ERROR - 'tabla'
Traceback (most recent call last):
  File "/home/airflow/.local/lib/python3.6/site-packages/airflow/models/taskinstance.py", line 984, in _run_raw_task
    result = task_copy.execute(context=context)
  File "/home/airflow/.local/lib/python3.6/site-packages/airflow/operators/python_operator.py", line 113, in execute
    return_value = self.execute_callable()
  File "/home/airflow/.local/lib/python3.6/site-packages/airflow/operators/python_operator.py", line 118, in execute_callable
    return self.python_callable(*self.op_args, **self.op_kwargs)
  File "/opt/airflow/dags/import-dag.py", line 32, in importarCsv
    logger.info(kwargs['tabla'])
KeyError: 'tabla'
[2020-12-11 00:13:36,210] {taskinstance.py:1194} INFO - Marking task as UP_FOR_RETRY. dag_id=import-dag, task_id=Importar1, execution_date=20201210T003000, start_date=20201211T001335, end_date=20201211T001336
[2020-12-11 00:13:40,883] {local_task_job.py:102} INFO - Task exited with return code 1
[2020-12-11 00:26:08,333] {taskinstance.py:670} INFO - Dependencies all met for <TaskInstance: import-dag.Importar1 2020-12-10T00:30:00+00:00 [queued]>
[2020-12-11 00:26:08,376] {taskinstance.py:670} INFO - Dependencies all met for <TaskInstance: import-dag.Importar1 2020-12-10T00:30:00+00:00 [queued]>
[2020-12-11 00:26:08,378] {taskinstance.py:880} INFO - 
--------------------------------------------------------------------------------
[2020-12-11 00:26:08,380] {taskinstance.py:881} INFO - Starting attempt 1 of 2
[2020-12-11 00:26:08,381] {taskinstance.py:882} INFO - 
--------------------------------------------------------------------------------
[2020-12-11 00:26:08,416] {taskinstance.py:901} INFO - Executing <Task(PythonOperator): Importar1> on 2020-12-10T00:30:00+00:00
[2020-12-11 00:26:08,421] {standard_task_runner.py:54} INFO - Started process 208 to run task
[2020-12-11 00:26:08,485] {standard_task_runner.py:77} INFO - Running: ['airflow', 'run', 'import-dag', 'Importar1', '2020-12-10T00:30:00+00:00', '--job_id', '36', '--pool', 'default_pool', '--raw', '-sd', 'DAGS_FOLDER/import-dag.py', '--cfg_path', '/tmp/tmpdtuwhlth']
[2020-12-11 00:26:08,489] {standard_task_runner.py:78} INFO - Job 36: Subtask Importar1
[2020-12-11 00:26:08,599] {logging_mixin.py:112} INFO - Running %s on host %s <TaskInstance: import-dag.Importar1 2020-12-10T00:30:00+00:00 [running]> 7d635893eab6
[2020-12-11 00:26:08,664] {import-dag.py:28} INFO - =====Ejecutando Tarea de Importacion =============
[2020-12-11 00:26:08,675] {import-dag.py:29} INFO - ===== Archivo  =============
[2020-12-11 00:26:08,676] {import-dag.py:30} INFO - time_series_covid19_confirmed_global.csv
[2020-12-11 00:26:08,678] {import-dag.py:31} INFO - ===== Tabla  =============
[2020-12-11 00:26:08,679] {import-dag.py:32} INFO - time_series_covid19_confirmed_global
[2020-12-11 00:26:08,681] {python_operator.py:114} INFO - Done. Returned value was: None
[2020-12-11 00:26:08,705] {taskinstance.py:1070} INFO - Marking task as SUCCESS.dag_id=import-dag, task_id=Importar1, execution_date=20201210T003000, start_date=20201211T002608, end_date=20201211T002608
[2020-12-11 00:26:13,254] {local_task_job.py:102} INFO - Task exited with return code 0
