[2020-12-11 02:36:24,105] {taskinstance.py:670} INFO - Dependencies all met for <TaskInstance: import-dag.Importar1 2020-12-10T02:10:00+00:00 [queued]>
[2020-12-11 02:36:24,132] {taskinstance.py:670} INFO - Dependencies all met for <TaskInstance: import-dag.Importar1 2020-12-10T02:10:00+00:00 [queued]>
[2020-12-11 02:36:24,133] {taskinstance.py:880} INFO - 
--------------------------------------------------------------------------------
[2020-12-11 02:36:24,134] {taskinstance.py:881} INFO - Starting attempt 1 of 2
[2020-12-11 02:36:24,135] {taskinstance.py:882} INFO - 
--------------------------------------------------------------------------------
[2020-12-11 02:36:24,156] {taskinstance.py:901} INFO - Executing <Task(PythonOperator): Importar1> on 2020-12-10T02:10:00+00:00
[2020-12-11 02:36:24,164] {standard_task_runner.py:54} INFO - Started process 125 to run task
[2020-12-11 02:36:24,201] {standard_task_runner.py:77} INFO - Running: ['airflow', 'run', 'import-dag', 'Importar1', '2020-12-10T02:10:00+00:00', '--job_id', '136', '--pool', 'default_pool', '--raw', '-sd', 'DAGS_FOLDER/import-dag.py', '--cfg_path', '/tmp/tmpr4t6uxwa']
[2020-12-11 02:36:24,204] {standard_task_runner.py:78} INFO - Job 136: Subtask Importar1
[2020-12-11 02:36:24,257] {logging_mixin.py:112} INFO - Running %s on host %s <TaskInstance: import-dag.Importar1 2020-12-10T02:10:00+00:00 [running]> d31552e451f4
[2020-12-11 02:36:24,291] {import-dag.py:31} INFO - =====Ejecutando Tarea de Importacion =============
[2020-12-11 02:36:24,292] {import-dag.py:32} INFO - ===== Archivo  =============
[2020-12-11 02:36:24,294] {import-dag.py:33} INFO - time_series_covid19_confirmed_global.csv
[2020-12-11 02:36:24,295] {import-dag.py:34} INFO - ===== Tabla  =============
[2020-12-11 02:36:24,296] {import-dag.py:35} INFO - time_series_covid19_confirmed_global
[2020-12-11 02:36:24,297] {python_operator.py:114} INFO - Done. Returned value was: None
[2020-12-11 02:36:24,313] {taskinstance.py:1070} INFO - Marking task as SUCCESS.dag_id=import-dag, task_id=Importar1, execution_date=20201210T021000, start_date=20201211T023624, end_date=20201211T023624
[2020-12-11 02:36:29,069] {local_task_job.py:102} INFO - Task exited with return code 0
