[2020-12-11 02:36:04,364] {taskinstance.py:670} INFO - Dependencies all met for <TaskInstance: import-dag.Importar1 2020-12-10T01:50:00+00:00 [queued]>
[2020-12-11 02:36:04,408] {taskinstance.py:670} INFO - Dependencies all met for <TaskInstance: import-dag.Importar1 2020-12-10T01:50:00+00:00 [queued]>
[2020-12-11 02:36:04,409] {taskinstance.py:880} INFO - 
--------------------------------------------------------------------------------
[2020-12-11 02:36:04,410] {taskinstance.py:881} INFO - Starting attempt 1 of 2
[2020-12-11 02:36:04,411] {taskinstance.py:882} INFO - 
--------------------------------------------------------------------------------
[2020-12-11 02:36:04,428] {taskinstance.py:901} INFO - Executing <Task(PythonOperator): Importar1> on 2020-12-10T01:50:00+00:00
[2020-12-11 02:36:04,432] {standard_task_runner.py:54} INFO - Started process 80 to run task
[2020-12-11 02:36:04,495] {standard_task_runner.py:77} INFO - Running: ['airflow', 'run', 'import-dag', 'Importar1', '2020-12-10T01:50:00+00:00', '--job_id', '134', '--pool', 'default_pool', '--raw', '-sd', 'DAGS_FOLDER/import-dag.py', '--cfg_path', '/tmp/tmp3dzkvxvw']
[2020-12-11 02:36:04,498] {standard_task_runner.py:78} INFO - Job 134: Subtask Importar1
[2020-12-11 02:36:04,608] {logging_mixin.py:112} INFO - Running %s on host %s <TaskInstance: import-dag.Importar1 2020-12-10T01:50:00+00:00 [running]> d31552e451f4
[2020-12-11 02:36:04,698] {import-dag.py:31} INFO - =====Ejecutando Tarea de Importacion =============
[2020-12-11 02:36:04,703] {import-dag.py:32} INFO - ===== Archivo  =============
[2020-12-11 02:36:04,708] {import-dag.py:33} INFO - time_series_covid19_confirmed_global.csv
[2020-12-11 02:36:04,709] {import-dag.py:34} INFO - ===== Tabla  =============
[2020-12-11 02:36:04,711] {import-dag.py:35} INFO - time_series_covid19_confirmed_global
[2020-12-11 02:36:04,715] {python_operator.py:114} INFO - Done. Returned value was: None
[2020-12-11 02:36:04,756] {taskinstance.py:1070} INFO - Marking task as SUCCESS.dag_id=import-dag, task_id=Importar1, execution_date=20201210T015000, start_date=20201211T023604, end_date=20201211T023604
[2020-12-11 02:36:09,302] {local_task_job.py:102} INFO - Task exited with return code 0
