[2020-12-11 08:50:08,803] {taskinstance.py:670} INFO - Dependencies all met for <TaskInstance: import-dag.Importar1 2020-12-11T08:45:00+00:00 [queued]>
[2020-12-11 08:50:08,860] {taskinstance.py:670} INFO - Dependencies all met for <TaskInstance: import-dag.Importar1 2020-12-11T08:45:00+00:00 [queued]>
[2020-12-11 08:50:08,864] {taskinstance.py:880} INFO - 
--------------------------------------------------------------------------------
[2020-12-11 08:50:08,866] {taskinstance.py:881} INFO - Starting attempt 1 of 2
[2020-12-11 08:50:08,867] {taskinstance.py:882} INFO - 
--------------------------------------------------------------------------------
[2020-12-11 08:50:08,930] {taskinstance.py:901} INFO - Executing <Task(PythonOperator): Importar1> on 2020-12-11T08:45:00+00:00
[2020-12-11 08:50:08,935] {standard_task_runner.py:54} INFO - Started process 3297 to run task
[2020-12-11 08:50:09,026] {standard_task_runner.py:77} INFO - Running: ['airflow', 'run', 'import-dag', 'Importar1', '2020-12-11T08:45:00+00:00', '--job_id', '896', '--pool', 'default_pool', '--raw', '-sd', 'DAGS_FOLDER/import-dag.py', '--cfg_path', '/tmp/tmp7h8wpi3b']
[2020-12-11 08:50:09,030] {standard_task_runner.py:78} INFO - Job 896: Subtask Importar1
[2020-12-11 08:50:09,233] {logging_mixin.py:112} INFO - Running %s on host %s <TaskInstance: import-dag.Importar1 2020-12-11T08:45:00+00:00 [running]> d31552e451f4
[2020-12-11 08:50:09,349] {import-dag.py:31} INFO - =====Ejecutando Tarea de Importacion =============
[2020-12-11 08:50:09,352] {import-dag.py:32} INFO - ===== Archivo  =============
[2020-12-11 08:50:09,355] {import-dag.py:33} INFO - time_series_covid19_confirmed_global.csv
[2020-12-11 08:50:09,358] {import-dag.py:34} INFO - ===== Tabla  =============
[2020-12-11 08:50:09,362] {import-dag.py:35} INFO - time_series_covid19_confirmed_global
[2020-12-11 08:50:09,392] {taskinstance.py:1150} ERROR - 'Variable 127.0.0.1 does not exist'
Traceback (most recent call last):
  File "/home/airflow/.local/lib/python3.6/site-packages/airflow/models/taskinstance.py", line 984, in _run_raw_task
    result = task_copy.execute(context=context)
  File "/home/airflow/.local/lib/python3.6/site-packages/airflow/operators/python_operator.py", line 113, in execute
    return_value = self.execute_callable()
  File "/home/airflow/.local/lib/python3.6/site-packages/airflow/operators/python_operator.py", line 118, in execute_callable
    return self.python_callable(*self.op_args, **self.op_kwargs)
  File "/opt/airflow/dags/import-dag.py", line 36, in importarCsv
    host = Variable.get("127.0.0.1")
  File "/home/airflow/.local/lib/python3.6/site-packages/airflow/models/variable.py", line 117, in get
    raise KeyError('Variable {} does not exist'.format(key))
KeyError: 'Variable 127.0.0.1 does not exist'
[2020-12-11 08:50:09,415] {taskinstance.py:1194} INFO - Marking task as UP_FOR_RETRY. dag_id=import-dag, task_id=Importar1, execution_date=20201211T084500, start_date=20201211T085008, end_date=20201211T085009
[2020-12-11 08:50:13,760] {local_task_job.py:102} INFO - Task exited with return code 1
