[2020-12-11 02:31:31,028] {taskinstance.py:670} INFO - Dependencies all met for <TaskInstance: import-dag.Importar3 2020-12-10T00:20:00+00:00 [queued]>
[2020-12-11 02:31:31,070] {taskinstance.py:670} INFO - Dependencies all met for <TaskInstance: import-dag.Importar3 2020-12-10T00:20:00+00:00 [queued]>
[2020-12-11 02:31:31,071] {taskinstance.py:880} INFO - 
--------------------------------------------------------------------------------
[2020-12-11 02:31:31,073] {taskinstance.py:881} INFO - Starting attempt 1 of 2
[2020-12-11 02:31:31,075] {taskinstance.py:882} INFO - 
--------------------------------------------------------------------------------
[2020-12-11 02:31:31,117] {taskinstance.py:901} INFO - Executing <Task(PythonOperator): Importar3> on 2020-12-10T00:20:00+00:00
[2020-12-11 02:31:31,123] {standard_task_runner.py:54} INFO - Started process 1498 to run task
[2020-12-11 02:31:31,186] {standard_task_runner.py:77} INFO - Running: ['airflow', 'run', 'import-dag', 'Importar3', '2020-12-10T00:20:00+00:00', '--job_id', '109', '--pool', 'default_pool', '--raw', '-sd', 'DAGS_FOLDER/import-dag.py', '--cfg_path', '/tmp/tmpx4y1ecu6']
[2020-12-11 02:31:31,189] {standard_task_runner.py:78} INFO - Job 109: Subtask Importar3
[2020-12-11 02:31:31,267] {logging_mixin.py:112} INFO - Running %s on host %s <TaskInstance: import-dag.Importar3 2020-12-10T00:20:00+00:00 [running]> 12e92ec9b790
[2020-12-11 02:31:31,327] {import-dag.py:31} INFO - =====Ejecutando Tarea de Importacion =============
[2020-12-11 02:31:31,328] {import-dag.py:32} INFO - ===== Archivo  =============
[2020-12-11 02:31:31,329] {import-dag.py:33} INFO - time_series_covid19_recovered_global.csv
[2020-12-11 02:31:31,330] {import-dag.py:34} INFO - ===== Tabla  =============
[2020-12-11 02:31:31,330] {import-dag.py:35} INFO - time_series_covid19_recovered_global
[2020-12-11 02:31:31,349] {taskinstance.py:1150} ERROR - 'Variable 127.0.0.1 does not exist'
Traceback (most recent call last):
  File "/home/airflow/.local/lib/python3.6/site-packages/airflow/models/taskinstance.py", line 984, in _run_raw_task
    result = task_copy.execute(context=context)
  File "/home/airflow/.local/lib/python3.6/site-packages/airflow/operators/python_operator.py", line 113, in execute
    return_value = self.execute_callable()
  File "/home/airflow/.local/lib/python3.6/site-packages/airflow/operators/python_operator.py", line 118, in execute_callable
    return self.python_callable(*self.op_args, **self.op_kwargs)
  File "/opt/airflow/dags/import-dag.py", line 37, in importarCsv
    host = Variable.get("127.0.0.1")
  File "/home/airflow/.local/lib/python3.6/site-packages/airflow/models/variable.py", line 117, in get
    raise KeyError('Variable {} does not exist'.format(key))
KeyError: 'Variable 127.0.0.1 does not exist'
[2020-12-11 02:31:31,355] {taskinstance.py:1194} INFO - Marking task as UP_FOR_RETRY. dag_id=import-dag, task_id=Importar3, execution_date=20201210T002000, start_date=20201211T023131, end_date=20201211T023131
[2020-12-11 02:31:35,985] {local_task_job.py:102} INFO - Task exited with return code 1
