[2020-12-11 00:13:44,454] {taskinstance.py:670} INFO - Dependencies all met for <TaskInstance: import-dag.Importar1 2020-12-10T00:35:00+00:00 [queued]>
[2020-12-11 00:13:44,495] {taskinstance.py:670} INFO - Dependencies all met for <TaskInstance: import-dag.Importar1 2020-12-10T00:35:00+00:00 [queued]>
[2020-12-11 00:13:44,496] {taskinstance.py:880} INFO - 
--------------------------------------------------------------------------------
[2020-12-11 00:13:44,497] {taskinstance.py:881} INFO - Starting attempt 1 of 2
[2020-12-11 00:13:44,498] {taskinstance.py:882} INFO - 
--------------------------------------------------------------------------------
[2020-12-11 00:13:44,533] {taskinstance.py:901} INFO - Executing <Task(PythonOperator): Importar1> on 2020-12-10T00:35:00+00:00
[2020-12-11 00:13:44,542] {standard_task_runner.py:54} INFO - Started process 499 to run task
[2020-12-11 00:13:44,587] {standard_task_runner.py:77} INFO - Running: ['airflow', 'run', 'import-dag', 'Importar1', '2020-12-10T00:35:00+00:00', '--job_id', '15', '--pool', 'default_pool', '--raw', '-sd', 'DAGS_FOLDER/import-dag.py', '--cfg_path', '/tmp/tmp58_vng60']
[2020-12-11 00:13:44,591] {standard_task_runner.py:78} INFO - Job 15: Subtask Importar1
[2020-12-11 00:13:44,684] {logging_mixin.py:112} INFO - Running %s on host %s <TaskInstance: import-dag.Importar1 2020-12-10T00:35:00+00:00 [running]> 7d635893eab6
[2020-12-11 00:13:44,739] {import-dag.py:28} INFO - =====Ejecutando Tarea de Importacion =============
[2020-12-11 00:13:44,740] {import-dag.py:29} INFO - ===== Archivo  =============
[2020-12-11 00:13:44,742] {import-dag.py:30} INFO - time_series_covid19_confirmed_global
[2020-12-11 00:13:44,745] {import-dag.py:31} INFO - ===== Tabla  =============
[2020-12-11 00:13:44,747] {taskinstance.py:1150} ERROR - 'tabla'
Traceback (most recent call last):
  File "/home/airflow/.local/lib/python3.6/site-packages/airflow/models/taskinstance.py", line 984, in _run_raw_task
    result = task_copy.execute(context=context)
  File "/home/airflow/.local/lib/python3.6/site-packages/airflow/operators/python_operator.py", line 113, in execute
    return_value = self.execute_callable()
  File "/home/airflow/.local/lib/python3.6/site-packages/airflow/operators/python_operator.py", line 118, in execute_callable
    return self.python_callable(*self.op_args, **self.op_kwargs)
  File "/opt/airflow/dags/import-dag.py", line 32, in importarCsv
    logger.info(kwargs['tabla'])
KeyError: 'tabla'
[2020-12-11 00:13:44,755] {taskinstance.py:1194} INFO - Marking task as UP_FOR_RETRY. dag_id=import-dag, task_id=Importar1, execution_date=20201210T003500, start_date=20201211T001344, end_date=20201211T001344
[2020-12-11 00:13:49,429] {local_task_job.py:102} INFO - Task exited with return code 1
[2020-12-11 00:26:16,567] {taskinstance.py:670} INFO - Dependencies all met for <TaskInstance: import-dag.Importar1 2020-12-10T00:35:00+00:00 [queued]>
[2020-12-11 00:26:16,598] {taskinstance.py:670} INFO - Dependencies all met for <TaskInstance: import-dag.Importar1 2020-12-10T00:35:00+00:00 [queued]>
[2020-12-11 00:26:16,601] {taskinstance.py:880} INFO - 
--------------------------------------------------------------------------------
[2020-12-11 00:26:16,603] {taskinstance.py:881} INFO - Starting attempt 1 of 2
[2020-12-11 00:26:16,605] {taskinstance.py:882} INFO - 
--------------------------------------------------------------------------------
[2020-12-11 00:26:16,630] {taskinstance.py:901} INFO - Executing <Task(PythonOperator): Importar1> on 2020-12-10T00:35:00+00:00
[2020-12-11 00:26:16,634] {standard_task_runner.py:54} INFO - Started process 218 to run task
[2020-12-11 00:26:16,689] {standard_task_runner.py:77} INFO - Running: ['airflow', 'run', 'import-dag', 'Importar1', '2020-12-10T00:35:00+00:00', '--job_id', '37', '--pool', 'default_pool', '--raw', '-sd', 'DAGS_FOLDER/import-dag.py', '--cfg_path', '/tmp/tmp57j61t5l']
[2020-12-11 00:26:16,692] {standard_task_runner.py:78} INFO - Job 37: Subtask Importar1
[2020-12-11 00:26:16,769] {logging_mixin.py:112} INFO - Running %s on host %s <TaskInstance: import-dag.Importar1 2020-12-10T00:35:00+00:00 [running]> 7d635893eab6
[2020-12-11 00:26:16,840] {import-dag.py:28} INFO - =====Ejecutando Tarea de Importacion =============
[2020-12-11 00:26:16,841] {import-dag.py:29} INFO - ===== Archivo  =============
[2020-12-11 00:26:16,843] {import-dag.py:30} INFO - time_series_covid19_confirmed_global.csv
[2020-12-11 00:26:16,845] {import-dag.py:31} INFO - ===== Tabla  =============
[2020-12-11 00:26:16,846] {import-dag.py:32} INFO - time_series_covid19_confirmed_global
[2020-12-11 00:26:16,847] {python_operator.py:114} INFO - Done. Returned value was: None
[2020-12-11 00:26:16,882] {taskinstance.py:1070} INFO - Marking task as SUCCESS.dag_id=import-dag, task_id=Importar1, execution_date=20201210T003500, start_date=20201211T002616, end_date=20201211T002616
[2020-12-11 00:26:21,517] {local_task_job.py:102} INFO - Task exited with return code 0
