[2020-12-11 02:15:06,195] {taskinstance.py:670} INFO - Dependencies all met for <TaskInstance: import-dag.Importar2 2020-12-10T00:30:00+00:00 [queued]>
[2020-12-11 02:15:06,229] {taskinstance.py:670} INFO - Dependencies all met for <TaskInstance: import-dag.Importar2 2020-12-10T00:30:00+00:00 [queued]>
[2020-12-11 02:15:06,230] {taskinstance.py:880} INFO - 
--------------------------------------------------------------------------------
[2020-12-11 02:15:06,230] {taskinstance.py:881} INFO - Starting attempt 1 of 2
[2020-12-11 02:15:06,231] {taskinstance.py:882} INFO - 
--------------------------------------------------------------------------------
[2020-12-11 02:15:06,251] {taskinstance.py:901} INFO - Executing <Task(PythonOperator): Importar2> on 2020-12-10T00:30:00+00:00
[2020-12-11 02:15:06,259] {standard_task_runner.py:54} INFO - Started process 253 to run task
[2020-12-11 02:15:06,294] {standard_task_runner.py:77} INFO - Running: ['airflow', 'run', 'import-dag', 'Importar2', '2020-12-10T00:30:00+00:00', '--job_id', '98', '--pool', 'default_pool', '--raw', '-sd', 'DAGS_FOLDER/import-dag.py', '--cfg_path', '/tmp/tmpo1dvssdz']
[2020-12-11 02:15:06,297] {standard_task_runner.py:78} INFO - Job 98: Subtask Importar2
[2020-12-11 02:15:06,374] {logging_mixin.py:112} INFO - Running %s on host %s <TaskInstance: import-dag.Importar2 2020-12-10T00:30:00+00:00 [running]> 12e92ec9b790
[2020-12-11 02:15:06,438] {import-dag.py:29} INFO - =====Ejecutando Tarea de Importacion =============
[2020-12-11 02:15:06,439] {import-dag.py:30} INFO - ===== Archivo  =============
[2020-12-11 02:15:06,439] {import-dag.py:31} INFO - time_series_covid19_deaths_global.csv
[2020-12-11 02:15:06,440] {import-dag.py:32} INFO - ===== Tabla  =============
[2020-12-11 02:15:06,441] {import-dag.py:33} INFO - time_series_covid19_deaths_global
[2020-12-11 02:15:06,442] {python_operator.py:114} INFO - Done. Returned value was: None
[2020-12-11 02:15:06,458] {taskinstance.py:1070} INFO - Marking task as SUCCESS.dag_id=import-dag, task_id=Importar2, execution_date=20201210T003000, start_date=20201211T021506, end_date=20201211T021506
[2020-12-11 02:15:11,153] {local_task_job.py:102} INFO - Task exited with return code 0
