[2020-12-11 02:35:56,784] {taskinstance.py:670} INFO - Dependencies all met for <TaskInstance: import-dag.Importar1 2020-12-10T02:35:00+00:00 [queued]>
[2020-12-11 02:35:56,810] {taskinstance.py:670} INFO - Dependencies all met for <TaskInstance: import-dag.Importar1 2020-12-10T02:35:00+00:00 [queued]>
[2020-12-11 02:35:56,812] {taskinstance.py:880} INFO - 
--------------------------------------------------------------------------------
[2020-12-11 02:35:56,814] {taskinstance.py:881} INFO - Starting attempt 1 of 2
[2020-12-11 02:35:56,816] {taskinstance.py:882} INFO - 
--------------------------------------------------------------------------------
[2020-12-11 02:35:56,850] {taskinstance.py:901} INFO - Executing <Task(PythonOperator): Importar1> on 2020-12-10T02:35:00+00:00
[2020-12-11 02:35:56,854] {standard_task_runner.py:54} INFO - Started process 67 to run task
[2020-12-11 02:35:56,926] {standard_task_runner.py:77} INFO - Running: ['airflow', 'run', 'import-dag', 'Importar1', '2020-12-10T02:35:00+00:00', '--job_id', '133', '--pool', 'default_pool', '--raw', '-sd', 'DAGS_FOLDER/import-dag.py', '--cfg_path', '/tmp/tmpsjmart4n']
[2020-12-11 02:35:56,928] {standard_task_runner.py:78} INFO - Job 133: Subtask Importar1
[2020-12-11 02:35:57,000] {logging_mixin.py:112} INFO - Running %s on host %s <TaskInstance: import-dag.Importar1 2020-12-10T02:35:00+00:00 [running]> d31552e451f4
[2020-12-11 02:35:57,046] {import-dag.py:31} INFO - =====Ejecutando Tarea de Importacion =============
[2020-12-11 02:35:57,047] {import-dag.py:32} INFO - ===== Archivo  =============
[2020-12-11 02:35:57,054] {import-dag.py:33} INFO - time_series_covid19_confirmed_global.csv
[2020-12-11 02:35:57,061] {import-dag.py:34} INFO - ===== Tabla  =============
[2020-12-11 02:35:57,063] {import-dag.py:35} INFO - time_series_covid19_confirmed_global
[2020-12-11 02:35:57,065] {python_operator.py:114} INFO - Done. Returned value was: None
[2020-12-11 02:35:57,088] {taskinstance.py:1070} INFO - Marking task as SUCCESS.dag_id=import-dag, task_id=Importar1, execution_date=20201210T023500, start_date=20201211T023556, end_date=20201211T023557
[2020-12-11 02:36:01,748] {local_task_job.py:102} INFO - Task exited with return code 0
