[2020-12-11 00:13:03,126] {taskinstance.py:670} INFO - Dependencies all met for <TaskInstance: import-dag.Importar1 2020-12-10T00:15:00+00:00 [queued]>
[2020-12-11 00:13:03,197] {taskinstance.py:670} INFO - Dependencies all met for <TaskInstance: import-dag.Importar1 2020-12-10T00:15:00+00:00 [queued]>
[2020-12-11 00:13:03,198] {taskinstance.py:880} INFO - 
--------------------------------------------------------------------------------
[2020-12-11 00:13:03,200] {taskinstance.py:881} INFO - Starting attempt 1 of 2
[2020-12-11 00:13:03,201] {taskinstance.py:882} INFO - 
--------------------------------------------------------------------------------
[2020-12-11 00:13:03,227] {taskinstance.py:901} INFO - Executing <Task(PythonOperator): Importar1> on 2020-12-10T00:15:00+00:00
[2020-12-11 00:13:03,238] {standard_task_runner.py:54} INFO - Started process 437 to run task
[2020-12-11 00:13:03,293] {standard_task_runner.py:77} INFO - Running: ['airflow', 'run', 'import-dag', 'Importar1', '2020-12-10T00:15:00+00:00', '--job_id', '10', '--pool', 'default_pool', '--raw', '-sd', 'DAGS_FOLDER/import-dag.py', '--cfg_path', '/tmp/tmpbv5vottj']
[2020-12-11 00:13:03,299] {standard_task_runner.py:78} INFO - Job 10: Subtask Importar1
[2020-12-11 00:13:03,405] {logging_mixin.py:112} INFO - Running %s on host %s <TaskInstance: import-dag.Importar1 2020-12-10T00:15:00+00:00 [running]> 7d635893eab6
[2020-12-11 00:13:03,453] {import-dag.py:28} INFO - =====Ejecutando Tarea de Importacion =============
[2020-12-11 00:13:03,455] {import-dag.py:29} INFO - ===== Archivo  =============
[2020-12-11 00:13:03,458] {import-dag.py:30} INFO - time_series_covid19_confirmed_global
[2020-12-11 00:13:03,463] {import-dag.py:31} INFO - ===== Tabla  =============
[2020-12-11 00:13:03,466] {taskinstance.py:1150} ERROR - 'tabla'
Traceback (most recent call last):
  File "/home/airflow/.local/lib/python3.6/site-packages/airflow/models/taskinstance.py", line 984, in _run_raw_task
    result = task_copy.execute(context=context)
  File "/home/airflow/.local/lib/python3.6/site-packages/airflow/operators/python_operator.py", line 113, in execute
    return_value = self.execute_callable()
  File "/home/airflow/.local/lib/python3.6/site-packages/airflow/operators/python_operator.py", line 118, in execute_callable
    return self.python_callable(*self.op_args, **self.op_kwargs)
  File "/opt/airflow/dags/import-dag.py", line 32, in importarCsv
    logger.info(kwargs['tabla'])
KeyError: 'tabla'
[2020-12-11 00:13:03,476] {taskinstance.py:1194} INFO - Marking task as UP_FOR_RETRY. dag_id=import-dag, task_id=Importar1, execution_date=20201210T001500, start_date=20201211T001303, end_date=20201211T001303
[2020-12-11 00:13:08,082] {local_task_job.py:102} INFO - Task exited with return code 1
[2020-12-11 00:25:44,702] {taskinstance.py:670} INFO - Dependencies all met for <TaskInstance: import-dag.Importar1 2020-12-10T00:15:00+00:00 [queued]>
[2020-12-11 00:25:44,763] {taskinstance.py:670} INFO - Dependencies all met for <TaskInstance: import-dag.Importar1 2020-12-10T00:15:00+00:00 [queued]>
[2020-12-11 00:25:44,765] {taskinstance.py:880} INFO - 
--------------------------------------------------------------------------------
[2020-12-11 00:25:44,766] {taskinstance.py:881} INFO - Starting attempt 1 of 2
[2020-12-11 00:25:44,768] {taskinstance.py:882} INFO - 
--------------------------------------------------------------------------------
[2020-12-11 00:25:44,784] {taskinstance.py:901} INFO - Executing <Task(PythonOperator): Importar1> on 2020-12-10T00:15:00+00:00
[2020-12-11 00:25:44,794] {standard_task_runner.py:54} INFO - Started process 172 to run task
[2020-12-11 00:25:44,842] {standard_task_runner.py:77} INFO - Running: ['airflow', 'run', 'import-dag', 'Importar1', '2020-12-10T00:15:00+00:00', '--job_id', '33', '--pool', 'default_pool', '--raw', '-sd', 'DAGS_FOLDER/import-dag.py', '--cfg_path', '/tmp/tmpvxvvoqf4']
[2020-12-11 00:25:44,847] {standard_task_runner.py:78} INFO - Job 33: Subtask Importar1
[2020-12-11 00:25:44,961] {logging_mixin.py:112} INFO - Running %s on host %s <TaskInstance: import-dag.Importar1 2020-12-10T00:15:00+00:00 [running]> 7d635893eab6
[2020-12-11 00:25:45,024] {import-dag.py:28} INFO - =====Ejecutando Tarea de Importacion =============
[2020-12-11 00:25:45,028] {import-dag.py:29} INFO - ===== Archivo  =============
[2020-12-11 00:25:45,030] {import-dag.py:30} INFO - time_series_covid19_confirmed_global.csv
[2020-12-11 00:25:45,036] {import-dag.py:31} INFO - ===== Tabla  =============
[2020-12-11 00:25:45,039] {import-dag.py:32} INFO - time_series_covid19_confirmed_global
[2020-12-11 00:25:45,042] {python_operator.py:114} INFO - Done. Returned value was: None
[2020-12-11 00:25:45,063] {taskinstance.py:1070} INFO - Marking task as SUCCESS.dag_id=import-dag, task_id=Importar1, execution_date=20201210T001500, start_date=20201211T002544, end_date=20201211T002545
[2020-12-11 00:25:49,640] {local_task_job.py:102} INFO - Task exited with return code 0
