[2020-12-11 02:14:12,642] {taskinstance.py:670} INFO - Dependencies all met for <TaskInstance: import-dag.Importar2 2020-12-10T00:00:00+00:00 [queued]>
[2020-12-11 02:14:12,697] {taskinstance.py:670} INFO - Dependencies all met for <TaskInstance: import-dag.Importar2 2020-12-10T00:00:00+00:00 [queued]>
[2020-12-11 02:14:12,699] {taskinstance.py:880} INFO - 
--------------------------------------------------------------------------------
[2020-12-11 02:14:12,700] {taskinstance.py:881} INFO - Starting attempt 1 of 2
[2020-12-11 02:14:12,701] {taskinstance.py:882} INFO - 
--------------------------------------------------------------------------------
[2020-12-11 02:14:12,739] {taskinstance.py:901} INFO - Executing <Task(PythonOperator): Importar2> on 2020-12-10T00:00:00+00:00
[2020-12-11 02:14:12,749] {standard_task_runner.py:54} INFO - Started process 176 to run task
[2020-12-11 02:14:12,818] {standard_task_runner.py:77} INFO - Running: ['airflow', 'run', 'import-dag', 'Importar2', '2020-12-10T00:00:00+00:00', '--job_id', '92', '--pool', 'default_pool', '--raw', '-sd', 'DAGS_FOLDER/import-dag.py', '--cfg_path', '/tmp/tmpq4csoiym']
[2020-12-11 02:14:12,820] {standard_task_runner.py:78} INFO - Job 92: Subtask Importar2
[2020-12-11 02:14:12,900] {logging_mixin.py:112} INFO - Running %s on host %s <TaskInstance: import-dag.Importar2 2020-12-10T00:00:00+00:00 [running]> 12e92ec9b790
[2020-12-11 02:14:12,951] {import-dag.py:29} INFO - =====Ejecutando Tarea de Importacion =============
[2020-12-11 02:14:12,952] {import-dag.py:30} INFO - ===== Archivo  =============
[2020-12-11 02:14:12,953] {import-dag.py:31} INFO - time_series_covid19_deaths_global.csv
[2020-12-11 02:14:12,966] {import-dag.py:32} INFO - ===== Tabla  =============
[2020-12-11 02:14:12,968] {import-dag.py:33} INFO - time_series_covid19_deaths_global
[2020-12-11 02:14:12,969] {python_operator.py:114} INFO - Done. Returned value was: None
[2020-12-11 02:14:13,002] {taskinstance.py:1070} INFO - Marking task as SUCCESS.dag_id=import-dag, task_id=Importar2, execution_date=20201210T000000, start_date=20201211T021412, end_date=20201211T021413
[2020-12-11 02:14:17,635] {local_task_job.py:102} INFO - Task exited with return code 0
