[2020-12-11 00:14:00,846] {taskinstance.py:670} INFO - Dependencies all met for <TaskInstance: import-dag.Importar1 2020-12-10T00:45:00+00:00 [queued]>
[2020-12-11 00:14:00,893] {taskinstance.py:670} INFO - Dependencies all met for <TaskInstance: import-dag.Importar1 2020-12-10T00:45:00+00:00 [queued]>
[2020-12-11 00:14:00,894] {taskinstance.py:880} INFO - 
--------------------------------------------------------------------------------
[2020-12-11 00:14:00,896] {taskinstance.py:881} INFO - Starting attempt 1 of 2
[2020-12-11 00:14:00,898] {taskinstance.py:882} INFO - 
--------------------------------------------------------------------------------
[2020-12-11 00:14:00,923] {taskinstance.py:901} INFO - Executing <Task(PythonOperator): Importar1> on 2020-12-10T00:45:00+00:00
[2020-12-11 00:14:00,932] {standard_task_runner.py:54} INFO - Started process 519 to run task
[2020-12-11 00:14:01,086] {standard_task_runner.py:77} INFO - Running: ['airflow', 'run', 'import-dag', 'Importar1', '2020-12-10T00:45:00+00:00', '--job_id', '17', '--pool', 'default_pool', '--raw', '-sd', 'DAGS_FOLDER/import-dag.py', '--cfg_path', '/tmp/tmpq6y52hkz']
[2020-12-11 00:14:01,090] {standard_task_runner.py:78} INFO - Job 17: Subtask Importar1
[2020-12-11 00:14:01,215] {logging_mixin.py:112} INFO - Running %s on host %s <TaskInstance: import-dag.Importar1 2020-12-10T00:45:00+00:00 [running]> 7d635893eab6
[2020-12-11 00:14:01,274] {import-dag.py:28} INFO - =====Ejecutando Tarea de Importacion =============
[2020-12-11 00:14:01,276] {import-dag.py:29} INFO - ===== Archivo  =============
[2020-12-11 00:14:01,281] {import-dag.py:30} INFO - time_series_covid19_confirmed_global
[2020-12-11 00:14:01,282] {import-dag.py:31} INFO - ===== Tabla  =============
[2020-12-11 00:14:01,283] {taskinstance.py:1150} ERROR - 'tabla'
Traceback (most recent call last):
  File "/home/airflow/.local/lib/python3.6/site-packages/airflow/models/taskinstance.py", line 984, in _run_raw_task
    result = task_copy.execute(context=context)
  File "/home/airflow/.local/lib/python3.6/site-packages/airflow/operators/python_operator.py", line 113, in execute
    return_value = self.execute_callable()
  File "/home/airflow/.local/lib/python3.6/site-packages/airflow/operators/python_operator.py", line 118, in execute_callable
    return self.python_callable(*self.op_args, **self.op_kwargs)
  File "/opt/airflow/dags/import-dag.py", line 32, in importarCsv
    logger.info(kwargs['tabla'])
KeyError: 'tabla'
[2020-12-11 00:14:01,289] {taskinstance.py:1194} INFO - Marking task as UP_FOR_RETRY. dag_id=import-dag, task_id=Importar1, execution_date=20201210T004500, start_date=20201211T001400, end_date=20201211T001401
[2020-12-11 00:14:05,801] {local_task_job.py:102} INFO - Task exited with return code 1
[2020-12-11 00:26:33,990] {taskinstance.py:670} INFO - Dependencies all met for <TaskInstance: import-dag.Importar1 2020-12-10T00:45:00+00:00 [queued]>
[2020-12-11 00:26:34,031] {taskinstance.py:670} INFO - Dependencies all met for <TaskInstance: import-dag.Importar1 2020-12-10T00:45:00+00:00 [queued]>
[2020-12-11 00:26:34,032] {taskinstance.py:880} INFO - 
--------------------------------------------------------------------------------
[2020-12-11 00:26:34,033] {taskinstance.py:881} INFO - Starting attempt 1 of 2
[2020-12-11 00:26:34,034] {taskinstance.py:882} INFO - 
--------------------------------------------------------------------------------
[2020-12-11 00:26:34,061] {taskinstance.py:901} INFO - Executing <Task(PythonOperator): Importar1> on 2020-12-10T00:45:00+00:00
[2020-12-11 00:26:34,065] {standard_task_runner.py:54} INFO - Started process 239 to run task
[2020-12-11 00:26:34,110] {standard_task_runner.py:77} INFO - Running: ['airflow', 'run', 'import-dag', 'Importar1', '2020-12-10T00:45:00+00:00', '--job_id', '39', '--pool', 'default_pool', '--raw', '-sd', 'DAGS_FOLDER/import-dag.py', '--cfg_path', '/tmp/tmpcwwrbm3t']
[2020-12-11 00:26:34,114] {standard_task_runner.py:78} INFO - Job 39: Subtask Importar1
[2020-12-11 00:26:34,205] {logging_mixin.py:112} INFO - Running %s on host %s <TaskInstance: import-dag.Importar1 2020-12-10T00:45:00+00:00 [running]> 7d635893eab6
[2020-12-11 00:26:34,255] {import-dag.py:28} INFO - =====Ejecutando Tarea de Importacion =============
[2020-12-11 00:26:34,257] {import-dag.py:29} INFO - ===== Archivo  =============
[2020-12-11 00:26:34,260] {import-dag.py:30} INFO - time_series_covid19_confirmed_global.csv
[2020-12-11 00:26:34,263] {import-dag.py:31} INFO - ===== Tabla  =============
[2020-12-11 00:26:34,264] {import-dag.py:32} INFO - time_series_covid19_confirmed_global
[2020-12-11 00:26:34,266] {python_operator.py:114} INFO - Done. Returned value was: None
[2020-12-11 00:26:34,288] {taskinstance.py:1070} INFO - Marking task as SUCCESS.dag_id=import-dag, task_id=Importar1, execution_date=20201210T004500, start_date=20201211T002633, end_date=20201211T002634
[2020-12-11 00:26:38,956] {local_task_job.py:102} INFO - Task exited with return code 0
