[2020-12-11 00:12:27,864] {taskinstance.py:670} INFO - Dependencies all met for <TaskInstance: import-dag.Importar1 2020-12-10T00:00:00+00:00 [queued]>
[2020-12-11 00:12:27,954] {taskinstance.py:670} INFO - Dependencies all met for <TaskInstance: import-dag.Importar1 2020-12-10T00:00:00+00:00 [queued]>
[2020-12-11 00:12:27,957] {taskinstance.py:880} INFO - 
--------------------------------------------------------------------------------
[2020-12-11 00:12:27,958] {taskinstance.py:881} INFO - Starting attempt 1 of 2
[2020-12-11 00:12:27,960] {taskinstance.py:882} INFO - 
--------------------------------------------------------------------------------
[2020-12-11 00:12:27,995] {taskinstance.py:901} INFO - Executing <Task(PythonOperator): Importar1> on 2020-12-10T00:00:00+00:00
[2020-12-11 00:12:28,007] {standard_task_runner.py:54} INFO - Started process 389 to run task
[2020-12-11 00:12:28,092] {standard_task_runner.py:77} INFO - Running: ['airflow', 'run', 'import-dag', 'Importar1', '2020-12-10T00:00:00+00:00', '--job_id', '6', '--pool', 'default_pool', '--raw', '-sd', 'DAGS_FOLDER/import-dag.py', '--cfg_path', '/tmp/tmpy7_3gmv6']
[2020-12-11 00:12:28,096] {standard_task_runner.py:78} INFO - Job 6: Subtask Importar1
[2020-12-11 00:12:28,182] {logging_mixin.py:112} INFO - Running %s on host %s <TaskInstance: import-dag.Importar1 2020-12-10T00:00:00+00:00 [running]> 7d635893eab6
[2020-12-11 00:12:28,257] {import-dag.py:28} INFO - =====Ejecutando Tarea de Importacion =============
[2020-12-11 00:12:28,258] {import-dag.py:29} INFO - ===== Archivo  =============
[2020-12-11 00:12:28,260] {import-dag.py:30} INFO - time_series_covid19_confirmed_global
[2020-12-11 00:12:28,261] {import-dag.py:31} INFO - ===== Tabla  =============
[2020-12-11 00:12:28,262] {taskinstance.py:1150} ERROR - 'tabla'
Traceback (most recent call last):
  File "/home/airflow/.local/lib/python3.6/site-packages/airflow/models/taskinstance.py", line 984, in _run_raw_task
    result = task_copy.execute(context=context)
  File "/home/airflow/.local/lib/python3.6/site-packages/airflow/operators/python_operator.py", line 113, in execute
    return_value = self.execute_callable()
  File "/home/airflow/.local/lib/python3.6/site-packages/airflow/operators/python_operator.py", line 118, in execute_callable
    return self.python_callable(*self.op_args, **self.op_kwargs)
  File "/opt/airflow/dags/import-dag.py", line 32, in importarCsv
    logger.info(kwargs['tabla'])
KeyError: 'tabla'
[2020-12-11 00:12:28,278] {taskinstance.py:1194} INFO - Marking task as UP_FOR_RETRY. dag_id=import-dag, task_id=Importar1, execution_date=20201210T000000, start_date=20201211T001227, end_date=20201211T001228
[2020-12-11 00:12:32,647] {local_task_job.py:102} INFO - Task exited with return code 1
[2020-12-11 00:18:11,143] {taskinstance.py:670} INFO - Dependencies all met for <TaskInstance: import-dag.Importar1 2020-12-10T00:00:00+00:00 [queued]>
[2020-12-11 00:18:11,199] {taskinstance.py:670} INFO - Dependencies all met for <TaskInstance: import-dag.Importar1 2020-12-10T00:00:00+00:00 [queued]>
[2020-12-11 00:18:11,202] {taskinstance.py:880} INFO - 
--------------------------------------------------------------------------------
[2020-12-11 00:18:11,207] {taskinstance.py:881} INFO - Starting attempt 1 of 2
[2020-12-11 00:18:11,211] {taskinstance.py:882} INFO - 
--------------------------------------------------------------------------------
[2020-12-11 00:18:11,247] {taskinstance.py:901} INFO - Executing <Task(PythonOperator): Importar1> on 2020-12-10T00:00:00+00:00
[2020-12-11 00:18:11,254] {standard_task_runner.py:54} INFO - Started process 70 to run task
[2020-12-11 00:18:11,324] {standard_task_runner.py:77} INFO - Running: ['airflow', 'run', 'import-dag', 'Importar1', '2020-12-10T00:00:00+00:00', '--job_id', '26', '--pool', 'default_pool', '--raw', '-sd', 'DAGS_FOLDER/import-dag.py', '--cfg_path', '/tmp/tmpit5leyyl']
[2020-12-11 00:18:11,332] {standard_task_runner.py:78} INFO - Job 26: Subtask Importar1
[2020-12-11 00:18:11,666] {logging_mixin.py:112} INFO - Running %s on host %s <TaskInstance: import-dag.Importar1 2020-12-10T00:00:00+00:00 [running]> 7d635893eab6
[2020-12-11 00:18:11,723] {import-dag.py:28} INFO - =====Ejecutando Tarea de Importacion =============
[2020-12-11 00:18:11,725] {import-dag.py:29} INFO - ===== Archivo  =============
[2020-12-11 00:18:11,725] {import-dag.py:30} INFO - time_series_covid19_confirmed_global
[2020-12-11 00:18:11,727] {import-dag.py:31} INFO - ===== Tabla  =============
[2020-12-11 00:18:11,733] {taskinstance.py:1150} ERROR - 'tabla'
Traceback (most recent call last):
  File "/home/airflow/.local/lib/python3.6/site-packages/airflow/models/taskinstance.py", line 984, in _run_raw_task
    result = task_copy.execute(context=context)
  File "/home/airflow/.local/lib/python3.6/site-packages/airflow/operators/python_operator.py", line 113, in execute
    return_value = self.execute_callable()
  File "/home/airflow/.local/lib/python3.6/site-packages/airflow/operators/python_operator.py", line 118, in execute_callable
    return self.python_callable(*self.op_args, **self.op_kwargs)
  File "/opt/airflow/dags/import-dag.py", line 32, in importarCsv
    logger.info(kwargs['tabla'])
KeyError: 'tabla'
[2020-12-11 00:18:11,752] {taskinstance.py:1194} INFO - Marking task as UP_FOR_RETRY. dag_id=import-dag, task_id=Importar1, execution_date=20201210T000000, start_date=20201211T001811, end_date=20201211T001811
[2020-12-11 00:18:16,096] {local_task_job.py:102} INFO - Task exited with return code 1
