[2020-12-11 00:25:19,758] {taskinstance.py:670} INFO - Dependencies all met for <TaskInstance: import-dag.Importar1 2020-12-10T00:00:00+00:00 [queued]>
[2020-12-11 00:25:19,804] {taskinstance.py:670} INFO - Dependencies all met for <TaskInstance: import-dag.Importar1 2020-12-10T00:00:00+00:00 [queued]>
[2020-12-11 00:25:19,805] {taskinstance.py:880} INFO - 
--------------------------------------------------------------------------------
[2020-12-11 00:25:19,809] {taskinstance.py:881} INFO - Starting attempt 2 of 2
[2020-12-11 00:25:19,812] {taskinstance.py:882} INFO - 
--------------------------------------------------------------------------------
[2020-12-11 00:25:19,847] {taskinstance.py:901} INFO - Executing <Task(PythonOperator): Importar1> on 2020-12-10T00:00:00+00:00
[2020-12-11 00:25:19,853] {standard_task_runner.py:54} INFO - Started process 137 to run task
[2020-12-11 00:25:20,058] {standard_task_runner.py:77} INFO - Running: ['airflow', 'run', 'import-dag', 'Importar1', '2020-12-10T00:00:00+00:00', '--job_id', '30', '--pool', 'default_pool', '--raw', '-sd', 'DAGS_FOLDER/import-dag.py', '--cfg_path', '/tmp/tmpmi3uzp8j']
[2020-12-11 00:25:20,063] {standard_task_runner.py:78} INFO - Job 30: Subtask Importar1
[2020-12-11 00:25:20,157] {logging_mixin.py:112} INFO - Running %s on host %s <TaskInstance: import-dag.Importar1 2020-12-10T00:00:00+00:00 [running]> 7d635893eab6
[2020-12-11 00:25:20,218] {import-dag.py:28} INFO - =====Ejecutando Tarea de Importacion =============
[2020-12-11 00:25:20,220] {import-dag.py:29} INFO - ===== Archivo  =============
[2020-12-11 00:25:20,224] {import-dag.py:30} INFO - time_series_covid19_confirmed_global.csv
[2020-12-11 00:25:20,227] {import-dag.py:31} INFO - ===== Tabla  =============
[2020-12-11 00:25:20,229] {import-dag.py:32} INFO - time_series_covid19_confirmed_global
[2020-12-11 00:25:20,232] {python_operator.py:114} INFO - Done. Returned value was: None
[2020-12-11 00:25:20,264] {taskinstance.py:1070} INFO - Marking task as SUCCESS.dag_id=import-dag, task_id=Importar1, execution_date=20201210T000000, start_date=20201211T002519, end_date=20201211T002520
[2020-12-11 00:25:24,709] {local_task_job.py:102} INFO - Task exited with return code 0
