[2020-12-11 00:27:06,321] {taskinstance.py:670} INFO - Dependencies all met for <TaskInstance: import-dag.Importar1 2020-12-11T00:18:03.396947+00:00 [queued]>
[2020-12-11 00:27:06,361] {taskinstance.py:670} INFO - Dependencies all met for <TaskInstance: import-dag.Importar1 2020-12-11T00:18:03.396947+00:00 [queued]>
[2020-12-11 00:27:06,362] {taskinstance.py:880} INFO - 
--------------------------------------------------------------------------------
[2020-12-11 00:27:06,364] {taskinstance.py:881} INFO - Starting attempt 2 of 2
[2020-12-11 00:27:06,364] {taskinstance.py:882} INFO - 
--------------------------------------------------------------------------------
[2020-12-11 00:27:06,377] {taskinstance.py:901} INFO - Executing <Task(PythonOperator): Importar1> on 2020-12-11T00:18:03.396947+00:00
[2020-12-11 00:27:06,382] {standard_task_runner.py:54} INFO - Started process 306 to run task
[2020-12-11 00:27:06,415] {standard_task_runner.py:77} INFO - Running: ['airflow', 'run', 'import-dag', 'Importar1', '2020-12-11T00:18:03.396947+00:00', '--job_id', '43', '--pool', 'default_pool', '--raw', '-sd', 'DAGS_FOLDER/import-dag.py', '--cfg_path', '/tmp/tmpx7lzkk7u']
[2020-12-11 00:27:06,417] {standard_task_runner.py:78} INFO - Job 43: Subtask Importar1
[2020-12-11 00:27:06,506] {logging_mixin.py:112} INFO - Running %s on host %s <TaskInstance: import-dag.Importar1 2020-12-11T00:18:03.396947+00:00 [running]> 7d635893eab6
[2020-12-11 00:27:06,555] {import-dag.py:28} INFO - =====Ejecutando Tarea de Importacion =============
[2020-12-11 00:27:06,557] {import-dag.py:29} INFO - ===== Archivo  =============
[2020-12-11 00:27:06,559] {import-dag.py:30} INFO - time_series_covid19_confirmed_global.csv
[2020-12-11 00:27:06,563] {import-dag.py:31} INFO - ===== Tabla  =============
[2020-12-11 00:27:06,565] {import-dag.py:32} INFO - time_series_covid19_confirmed_global
[2020-12-11 00:27:06,567] {python_operator.py:114} INFO - Done. Returned value was: None
[2020-12-11 00:27:06,595] {taskinstance.py:1070} INFO - Marking task as SUCCESS.dag_id=import-dag, task_id=Importar1, execution_date=20201211T001803, start_date=20201211T002706, end_date=20201211T002706
[2020-12-11 00:27:11,276] {local_task_job.py:102} INFO - Task exited with return code 0
