[2020-12-11 02:14:35,164] {taskinstance.py:670} INFO - Dependencies all met for <TaskInstance: import-dag.Importar2 2020-12-10T00:10:00+00:00 [queued]>
[2020-12-11 02:14:35,219] {taskinstance.py:670} INFO - Dependencies all met for <TaskInstance: import-dag.Importar2 2020-12-10T00:10:00+00:00 [queued]>
[2020-12-11 02:14:35,220] {taskinstance.py:880} INFO - 
--------------------------------------------------------------------------------
[2020-12-11 02:14:35,221] {taskinstance.py:881} INFO - Starting attempt 1 of 2
[2020-12-11 02:14:35,222] {taskinstance.py:882} INFO - 
--------------------------------------------------------------------------------
[2020-12-11 02:14:35,261] {taskinstance.py:901} INFO - Executing <Task(PythonOperator): Importar2> on 2020-12-10T00:10:00+00:00
[2020-12-11 02:14:35,276] {standard_task_runner.py:54} INFO - Started process 196 to run task
[2020-12-11 02:14:35,337] {standard_task_runner.py:77} INFO - Running: ['airflow', 'run', 'import-dag', 'Importar2', '2020-12-10T00:10:00+00:00', '--job_id', '94', '--pool', 'default_pool', '--raw', '-sd', 'DAGS_FOLDER/import-dag.py', '--cfg_path', '/tmp/tmpi9na4kjt']
[2020-12-11 02:14:35,340] {standard_task_runner.py:78} INFO - Job 94: Subtask Importar2
[2020-12-11 02:14:35,419] {logging_mixin.py:112} INFO - Running %s on host %s <TaskInstance: import-dag.Importar2 2020-12-10T00:10:00+00:00 [running]> 12e92ec9b790
[2020-12-11 02:14:35,457] {import-dag.py:29} INFO - =====Ejecutando Tarea de Importacion =============
[2020-12-11 02:14:35,458] {import-dag.py:30} INFO - ===== Archivo  =============
[2020-12-11 02:14:35,459] {import-dag.py:31} INFO - time_series_covid19_deaths_global.csv
[2020-12-11 02:14:35,460] {import-dag.py:32} INFO - ===== Tabla  =============
[2020-12-11 02:14:35,461] {import-dag.py:33} INFO - time_series_covid19_deaths_global
[2020-12-11 02:14:35,463] {python_operator.py:114} INFO - Done. Returned value was: None
[2020-12-11 02:14:35,484] {taskinstance.py:1070} INFO - Marking task as SUCCESS.dag_id=import-dag, task_id=Importar2, execution_date=20201210T001000, start_date=20201211T021435, end_date=20201211T021435
[2020-12-11 02:14:40,020] {local_task_job.py:102} INFO - Task exited with return code 0
