[2020-12-11 00:14:41,686] {taskinstance.py:670} INFO - Dependencies all met for <TaskInstance: import-dag.Importar1 2020-12-10T01:10:00+00:00 [queued]>
[2020-12-11 00:14:41,731] {taskinstance.py:670} INFO - Dependencies all met for <TaskInstance: import-dag.Importar1 2020-12-10T01:10:00+00:00 [queued]>
[2020-12-11 00:14:41,734] {taskinstance.py:880} INFO - 
--------------------------------------------------------------------------------
[2020-12-11 00:14:41,737] {taskinstance.py:881} INFO - Starting attempt 1 of 2
[2020-12-11 00:14:41,741] {taskinstance.py:882} INFO - 
--------------------------------------------------------------------------------
[2020-12-11 00:14:41,768] {taskinstance.py:901} INFO - Executing <Task(PythonOperator): Importar1> on 2020-12-10T01:10:00+00:00
[2020-12-11 00:14:41,782] {standard_task_runner.py:54} INFO - Started process 574 to run task
[2020-12-11 00:14:41,818] {standard_task_runner.py:77} INFO - Running: ['airflow', 'run', 'import-dag', 'Importar1', '2020-12-10T01:10:00+00:00', '--job_id', '22', '--pool', 'default_pool', '--raw', '-sd', 'DAGS_FOLDER/import-dag.py', '--cfg_path', '/tmp/tmp52vsgaj5']
[2020-12-11 00:14:41,831] {standard_task_runner.py:78} INFO - Job 22: Subtask Importar1
[2020-12-11 00:14:41,935] {logging_mixin.py:112} INFO - Running %s on host %s <TaskInstance: import-dag.Importar1 2020-12-10T01:10:00+00:00 [running]> 7d635893eab6
[2020-12-11 00:14:41,981] {import-dag.py:28} INFO - =====Ejecutando Tarea de Importacion =============
[2020-12-11 00:14:41,983] {import-dag.py:29} INFO - ===== Archivo  =============
[2020-12-11 00:14:41,985] {import-dag.py:30} INFO - time_series_covid19_confirmed_global
[2020-12-11 00:14:41,996] {import-dag.py:31} INFO - ===== Tabla  =============
[2020-12-11 00:14:41,998] {taskinstance.py:1150} ERROR - 'tabla'
Traceback (most recent call last):
  File "/home/airflow/.local/lib/python3.6/site-packages/airflow/models/taskinstance.py", line 984, in _run_raw_task
    result = task_copy.execute(context=context)
  File "/home/airflow/.local/lib/python3.6/site-packages/airflow/operators/python_operator.py", line 113, in execute
    return_value = self.execute_callable()
  File "/home/airflow/.local/lib/python3.6/site-packages/airflow/operators/python_operator.py", line 118, in execute_callable
    return self.python_callable(*self.op_args, **self.op_kwargs)
  File "/opt/airflow/dags/import-dag.py", line 32, in importarCsv
    logger.info(kwargs['tabla'])
KeyError: 'tabla'
[2020-12-11 00:14:42,004] {taskinstance.py:1194} INFO - Marking task as UP_FOR_RETRY. dag_id=import-dag, task_id=Importar1, execution_date=20201210T011000, start_date=20201211T001441, end_date=20201211T001442
[2020-12-11 00:14:46,616] {local_task_job.py:102} INFO - Task exited with return code 1
[2020-12-11 02:13:57,050] {taskinstance.py:670} INFO - Dependencies all met for <TaskInstance: import-dag.Importar1 2020-12-10T01:10:00+00:00 [queued]>
[2020-12-11 02:13:57,086] {taskinstance.py:670} INFO - Dependencies all met for <TaskInstance: import-dag.Importar1 2020-12-10T01:10:00+00:00 [queued]>
[2020-12-11 02:13:57,087] {taskinstance.py:880} INFO - 
--------------------------------------------------------------------------------
[2020-12-11 02:13:57,088] {taskinstance.py:881} INFO - Starting attempt 1 of 2
[2020-12-11 02:13:57,089] {taskinstance.py:882} INFO - 
--------------------------------------------------------------------------------
[2020-12-11 02:13:57,100] {taskinstance.py:901} INFO - Executing <Task(PythonOperator): Importar1> on 2020-12-10T01:10:00+00:00
[2020-12-11 02:13:57,106] {standard_task_runner.py:54} INFO - Started process 145 to run task
[2020-12-11 02:13:57,150] {standard_task_runner.py:77} INFO - Running: ['airflow', 'run', 'import-dag', 'Importar1', '2020-12-10T01:10:00+00:00', '--job_id', '90', '--pool', 'default_pool', '--raw', '-sd', 'DAGS_FOLDER/import-dag.py', '--cfg_path', '/tmp/tmptdj14juj']
[2020-12-11 02:13:57,154] {standard_task_runner.py:78} INFO - Job 90: Subtask Importar1
[2020-12-11 02:13:57,217] {logging_mixin.py:112} INFO - Running %s on host %s <TaskInstance: import-dag.Importar1 2020-12-10T01:10:00+00:00 [running]> 12e92ec9b790
[2020-12-11 02:13:57,262] {import-dag.py:29} INFO - =====Ejecutando Tarea de Importacion =============
[2020-12-11 02:13:57,263] {import-dag.py:30} INFO - ===== Archivo  =============
[2020-12-11 02:13:57,264] {import-dag.py:31} INFO - time_series_covid19_confirmed_global.csv
[2020-12-11 02:13:57,265] {import-dag.py:32} INFO - ===== Tabla  =============
[2020-12-11 02:13:57,265] {import-dag.py:33} INFO - time_series_covid19_confirmed_global
[2020-12-11 02:13:57,266] {python_operator.py:114} INFO - Done. Returned value was: None
[2020-12-11 02:13:57,282] {taskinstance.py:1070} INFO - Marking task as SUCCESS.dag_id=import-dag, task_id=Importar1, execution_date=20201210T011000, start_date=20201211T021357, end_date=20201211T021357
[2020-12-11 02:14:02,014] {local_task_job.py:102} INFO - Task exited with return code 0
