[2020-12-11 02:39:34,983] {taskinstance.py:670} INFO - Dependencies all met for <TaskInstance: import-dag.Importar1 2020-12-10T01:55:00+00:00 [queued]>
[2020-12-11 02:39:35,024] {taskinstance.py:670} INFO - Dependencies all met for <TaskInstance: import-dag.Importar1 2020-12-10T01:55:00+00:00 [queued]>
[2020-12-11 02:39:35,025] {taskinstance.py:880} INFO - 
--------------------------------------------------------------------------------
[2020-12-11 02:39:35,026] {taskinstance.py:881} INFO - Starting attempt 1 of 2
[2020-12-11 02:39:35,027] {taskinstance.py:882} INFO - 
--------------------------------------------------------------------------------
[2020-12-11 02:39:35,047] {taskinstance.py:901} INFO - Executing <Task(PythonOperator): Importar1> on 2020-12-10T01:55:00+00:00
[2020-12-11 02:39:35,053] {standard_task_runner.py:54} INFO - Started process 420 to run task
[2020-12-11 02:39:35,098] {standard_task_runner.py:77} INFO - Running: ['airflow', 'run', 'import-dag', 'Importar1', '2020-12-10T01:55:00+00:00', '--job_id', '160', '--pool', 'default_pool', '--raw', '-sd', 'DAGS_FOLDER/import-dag.py', '--cfg_path', '/tmp/tmpufah_2x3']
[2020-12-11 02:39:35,102] {standard_task_runner.py:78} INFO - Job 160: Subtask Importar1
[2020-12-11 02:39:35,174] {logging_mixin.py:112} INFO - Running %s on host %s <TaskInstance: import-dag.Importar1 2020-12-10T01:55:00+00:00 [running]> d31552e451f4
[2020-12-11 02:39:35,225] {import-dag.py:31} INFO - =====Ejecutando Tarea de Importacion =============
[2020-12-11 02:39:35,226] {import-dag.py:32} INFO - ===== Archivo  =============
[2020-12-11 02:39:35,227] {import-dag.py:33} INFO - time_series_covid19_confirmed_global.csv
[2020-12-11 02:39:35,227] {import-dag.py:34} INFO - ===== Tabla  =============
[2020-12-11 02:39:35,228] {import-dag.py:35} INFO - time_series_covid19_confirmed_global
[2020-12-11 02:39:35,240] {taskinstance.py:1150} ERROR - 'Variable 127.0.0.1 does not exist'
Traceback (most recent call last):
  File "/home/airflow/.local/lib/python3.6/site-packages/airflow/models/taskinstance.py", line 984, in _run_raw_task
    result = task_copy.execute(context=context)
  File "/home/airflow/.local/lib/python3.6/site-packages/airflow/operators/python_operator.py", line 113, in execute
    return_value = self.execute_callable()
  File "/home/airflow/.local/lib/python3.6/site-packages/airflow/operators/python_operator.py", line 118, in execute_callable
    return self.python_callable(*self.op_args, **self.op_kwargs)
  File "/opt/airflow/dags/import-dag.py", line 36, in importarCsv
    host = Variable.get("127.0.0.1")
  File "/home/airflow/.local/lib/python3.6/site-packages/airflow/models/variable.py", line 117, in get
    raise KeyError('Variable {} does not exist'.format(key))
KeyError: 'Variable 127.0.0.1 does not exist'
[2020-12-11 02:39:35,245] {taskinstance.py:1194} INFO - Marking task as UP_FOR_RETRY. dag_id=import-dag, task_id=Importar1, execution_date=20201210T015500, start_date=20201211T023934, end_date=20201211T023935
[2020-12-11 02:39:39,936] {local_task_job.py:102} INFO - Task exited with return code 1
