[2020-12-11 02:36:16,236] {taskinstance.py:670} INFO - Dependencies all met for <TaskInstance: import-dag.Importar1 2020-12-10T02:05:00+00:00 [queued]>
[2020-12-11 02:36:16,268] {taskinstance.py:670} INFO - Dependencies all met for <TaskInstance: import-dag.Importar1 2020-12-10T02:05:00+00:00 [queued]>
[2020-12-11 02:36:16,269] {taskinstance.py:880} INFO - 
--------------------------------------------------------------------------------
[2020-12-11 02:36:16,271] {taskinstance.py:881} INFO - Starting attempt 1 of 2
[2020-12-11 02:36:16,272] {taskinstance.py:882} INFO - 
--------------------------------------------------------------------------------
[2020-12-11 02:36:16,293] {taskinstance.py:901} INFO - Executing <Task(PythonOperator): Importar1> on 2020-12-10T02:05:00+00:00
[2020-12-11 02:36:16,301] {standard_task_runner.py:54} INFO - Started process 107 to run task
[2020-12-11 02:36:16,352] {standard_task_runner.py:77} INFO - Running: ['airflow', 'run', 'import-dag', 'Importar1', '2020-12-10T02:05:00+00:00', '--job_id', '135', '--pool', 'default_pool', '--raw', '-sd', 'DAGS_FOLDER/import-dag.py', '--cfg_path', '/tmp/tmpf9miv1mj']
[2020-12-11 02:36:16,357] {standard_task_runner.py:78} INFO - Job 135: Subtask Importar1
[2020-12-11 02:36:16,449] {logging_mixin.py:112} INFO - Running %s on host %s <TaskInstance: import-dag.Importar1 2020-12-10T02:05:00+00:00 [running]> d31552e451f4
[2020-12-11 02:36:16,490] {import-dag.py:31} INFO - =====Ejecutando Tarea de Importacion =============
[2020-12-11 02:36:16,491] {import-dag.py:32} INFO - ===== Archivo  =============
[2020-12-11 02:36:16,492] {import-dag.py:33} INFO - time_series_covid19_confirmed_global.csv
[2020-12-11 02:36:16,492] {import-dag.py:34} INFO - ===== Tabla  =============
[2020-12-11 02:36:16,493] {import-dag.py:35} INFO - time_series_covid19_confirmed_global
[2020-12-11 02:36:16,494] {python_operator.py:114} INFO - Done. Returned value was: None
[2020-12-11 02:36:16,510] {taskinstance.py:1070} INFO - Marking task as SUCCESS.dag_id=import-dag, task_id=Importar1, execution_date=20201210T020500, start_date=20201211T023616, end_date=20201211T023616
[2020-12-11 02:36:21,277] {local_task_job.py:102} INFO - Task exited with return code 0
