[2020-12-11 02:35:33,395] {taskinstance.py:670} INFO - Dependencies all met for <TaskInstance: import-dag.Importar1 2020-12-10T01:40:00+00:00 [queued]>
[2020-12-11 02:35:33,435] {taskinstance.py:670} INFO - Dependencies all met for <TaskInstance: import-dag.Importar1 2020-12-10T01:40:00+00:00 [queued]>
[2020-12-11 02:35:33,436] {taskinstance.py:880} INFO - 
--------------------------------------------------------------------------------
[2020-12-11 02:35:33,436] {taskinstance.py:881} INFO - Starting attempt 2 of 2
[2020-12-11 02:35:33,437] {taskinstance.py:882} INFO - 
--------------------------------------------------------------------------------
[2020-12-11 02:35:33,448] {taskinstance.py:901} INFO - Executing <Task(PythonOperator): Importar1> on 2020-12-10T01:40:00+00:00
[2020-12-11 02:35:33,451] {standard_task_runner.py:54} INFO - Started process 25 to run task
[2020-12-11 02:35:33,505] {standard_task_runner.py:77} INFO - Running: ['airflow', 'run', 'import-dag', 'Importar1', '2020-12-10T01:40:00+00:00', '--job_id', '130', '--pool', 'default_pool', '--raw', '-sd', 'DAGS_FOLDER/import-dag.py', '--cfg_path', '/tmp/tmpl3hovudd']
[2020-12-11 02:35:33,512] {standard_task_runner.py:78} INFO - Job 130: Subtask Importar1
[2020-12-11 02:35:33,585] {logging_mixin.py:112} INFO - Running %s on host %s <TaskInstance: import-dag.Importar1 2020-12-10T01:40:00+00:00 [running]> d31552e451f4
[2020-12-11 02:35:33,638] {import-dag.py:31} INFO - =====Ejecutando Tarea de Importacion =============
[2020-12-11 02:35:33,640] {import-dag.py:32} INFO - ===== Archivo  =============
[2020-12-11 02:35:33,641] {import-dag.py:33} INFO - time_series_covid19_confirmed_global.csv
[2020-12-11 02:35:33,642] {import-dag.py:34} INFO - ===== Tabla  =============
[2020-12-11 02:35:33,643] {import-dag.py:35} INFO - time_series_covid19_confirmed_global
[2020-12-11 02:35:33,645] {python_operator.py:114} INFO - Done. Returned value was: None
[2020-12-11 02:35:33,667] {taskinstance.py:1070} INFO - Marking task as SUCCESS.dag_id=import-dag, task_id=Importar1, execution_date=20201210T014000, start_date=20201211T023533, end_date=20201211T023533
[2020-12-11 02:35:38,340] {local_task_job.py:102} INFO - Task exited with return code 0
