[2020-12-11 03:53:27,792] {taskinstance.py:670} INFO - Dependencies all met for <TaskInstance: import-dag.Importar1 2020-12-10T09:45:00+00:00 [queued]>
[2020-12-11 03:53:27,832] {taskinstance.py:670} INFO - Dependencies all met for <TaskInstance: import-dag.Importar1 2020-12-10T09:45:00+00:00 [queued]>
[2020-12-11 03:53:27,834] {taskinstance.py:880} INFO - 
--------------------------------------------------------------------------------
[2020-12-11 03:53:27,836] {taskinstance.py:881} INFO - Starting attempt 1 of 2
[2020-12-11 03:53:27,838] {taskinstance.py:882} INFO - 
--------------------------------------------------------------------------------
[2020-12-11 03:53:27,869] {taskinstance.py:901} INFO - Executing <Task(PythonOperator): Importar1> on 2020-12-10T09:45:00+00:00
[2020-12-11 03:53:27,879] {standard_task_runner.py:54} INFO - Started process 2459 to run task
[2020-12-11 03:53:27,941] {standard_task_runner.py:77} INFO - Running: ['airflow', 'run', 'import-dag', 'Importar1', '2020-12-10T09:45:00+00:00', '--job_id', '335', '--pool', 'default_pool', '--raw', '-sd', 'DAGS_FOLDER/import-dag.py', '--cfg_path', '/tmp/tmpok9vbxl4']
[2020-12-11 03:53:27,945] {standard_task_runner.py:78} INFO - Job 335: Subtask Importar1
[2020-12-11 03:53:28,044] {logging_mixin.py:112} INFO - Running %s on host %s <TaskInstance: import-dag.Importar1 2020-12-10T09:45:00+00:00 [running]> d31552e451f4
[2020-12-11 03:53:28,092] {import-dag.py:31} INFO - =====Ejecutando Tarea de Importacion =============
[2020-12-11 03:53:28,094] {import-dag.py:32} INFO - ===== Archivo  =============
[2020-12-11 03:53:28,095] {import-dag.py:33} INFO - time_series_covid19_confirmed_global.csv
[2020-12-11 03:53:28,096] {import-dag.py:34} INFO - ===== Tabla  =============
[2020-12-11 03:53:28,097] {import-dag.py:35} INFO - time_series_covid19_confirmed_global
[2020-12-11 03:53:28,113] {taskinstance.py:1150} ERROR - 'Variable 127.0.0.1 does not exist'
Traceback (most recent call last):
  File "/home/airflow/.local/lib/python3.6/site-packages/airflow/models/taskinstance.py", line 984, in _run_raw_task
    result = task_copy.execute(context=context)
  File "/home/airflow/.local/lib/python3.6/site-packages/airflow/operators/python_operator.py", line 113, in execute
    return_value = self.execute_callable()
  File "/home/airflow/.local/lib/python3.6/site-packages/airflow/operators/python_operator.py", line 118, in execute_callable
    return self.python_callable(*self.op_args, **self.op_kwargs)
  File "/opt/airflow/dags/import-dag.py", line 36, in importarCsv
    host = Variable.get("127.0.0.1")
  File "/home/airflow/.local/lib/python3.6/site-packages/airflow/models/variable.py", line 117, in get
    raise KeyError('Variable {} does not exist'.format(key))
KeyError: 'Variable 127.0.0.1 does not exist'
[2020-12-11 03:53:28,124] {taskinstance.py:1194} INFO - Marking task as UP_FOR_RETRY. dag_id=import-dag, task_id=Importar1, execution_date=20201210T094500, start_date=20201211T035327, end_date=20201211T035328
[2020-12-11 03:53:32,790] {local_task_job.py:102} INFO - Task exited with return code 1
