[2020-12-11 00:12:35,954] {taskinstance.py:670} INFO - Dependencies all met for <TaskInstance: import-dag.Importar1 2020-12-10T00:05:00+00:00 [queued]>
[2020-12-11 00:12:36,004] {taskinstance.py:670} INFO - Dependencies all met for <TaskInstance: import-dag.Importar1 2020-12-10T00:05:00+00:00 [queued]>
[2020-12-11 00:12:36,008] {taskinstance.py:880} INFO - 
--------------------------------------------------------------------------------
[2020-12-11 00:12:36,009] {taskinstance.py:881} INFO - Starting attempt 1 of 2
[2020-12-11 00:12:36,010] {taskinstance.py:882} INFO - 
--------------------------------------------------------------------------------
[2020-12-11 00:12:36,037] {taskinstance.py:901} INFO - Executing <Task(PythonOperator): Importar1> on 2020-12-10T00:05:00+00:00
[2020-12-11 00:12:36,050] {standard_task_runner.py:54} INFO - Started process 400 to run task
[2020-12-11 00:12:36,118] {standard_task_runner.py:77} INFO - Running: ['airflow', 'run', 'import-dag', 'Importar1', '2020-12-10T00:05:00+00:00', '--job_id', '7', '--pool', 'default_pool', '--raw', '-sd', 'DAGS_FOLDER/import-dag.py', '--cfg_path', '/tmp/tmp3e3h7nbr']
[2020-12-11 00:12:36,125] {standard_task_runner.py:78} INFO - Job 7: Subtask Importar1
[2020-12-11 00:12:36,202] {logging_mixin.py:112} INFO - Running %s on host %s <TaskInstance: import-dag.Importar1 2020-12-10T00:05:00+00:00 [running]> 7d635893eab6
[2020-12-11 00:12:36,248] {import-dag.py:28} INFO - =====Ejecutando Tarea de Importacion =============
[2020-12-11 00:12:36,257] {import-dag.py:29} INFO - ===== Archivo  =============
[2020-12-11 00:12:36,258] {import-dag.py:30} INFO - time_series_covid19_confirmed_global
[2020-12-11 00:12:36,260] {import-dag.py:31} INFO - ===== Tabla  =============
[2020-12-11 00:12:36,264] {taskinstance.py:1150} ERROR - 'tabla'
Traceback (most recent call last):
  File "/home/airflow/.local/lib/python3.6/site-packages/airflow/models/taskinstance.py", line 984, in _run_raw_task
    result = task_copy.execute(context=context)
  File "/home/airflow/.local/lib/python3.6/site-packages/airflow/operators/python_operator.py", line 113, in execute
    return_value = self.execute_callable()
  File "/home/airflow/.local/lib/python3.6/site-packages/airflow/operators/python_operator.py", line 118, in execute_callable
    return self.python_callable(*self.op_args, **self.op_kwargs)
  File "/opt/airflow/dags/import-dag.py", line 32, in importarCsv
    logger.info(kwargs['tabla'])
KeyError: 'tabla'
[2020-12-11 00:12:36,271] {taskinstance.py:1194} INFO - Marking task as UP_FOR_RETRY. dag_id=import-dag, task_id=Importar1, execution_date=20201210T000500, start_date=20201211T001235, end_date=20201211T001236
[2020-12-11 00:12:40,928] {local_task_job.py:102} INFO - Task exited with return code 1
[2020-12-11 00:18:28,179] {taskinstance.py:670} INFO - Dependencies all met for <TaskInstance: import-dag.Importar1 2020-12-10T00:05:00+00:00 [queued]>
[2020-12-11 00:18:28,244] {taskinstance.py:670} INFO - Dependencies all met for <TaskInstance: import-dag.Importar1 2020-12-10T00:05:00+00:00 [queued]>
[2020-12-11 00:18:28,245] {taskinstance.py:880} INFO - 
--------------------------------------------------------------------------------
[2020-12-11 00:18:28,246] {taskinstance.py:881} INFO - Starting attempt 1 of 2
[2020-12-11 00:18:28,248] {taskinstance.py:882} INFO - 
--------------------------------------------------------------------------------
[2020-12-11 00:18:28,263] {taskinstance.py:901} INFO - Executing <Task(PythonOperator): Importar1> on 2020-12-10T00:05:00+00:00
[2020-12-11 00:18:28,269] {standard_task_runner.py:54} INFO - Started process 98 to run task
[2020-12-11 00:18:28,314] {standard_task_runner.py:77} INFO - Running: ['airflow', 'run', 'import-dag', 'Importar1', '2020-12-10T00:05:00+00:00', '--job_id', '28', '--pool', 'default_pool', '--raw', '-sd', 'DAGS_FOLDER/import-dag.py', '--cfg_path', '/tmp/tmpk43mn10b']
[2020-12-11 00:18:28,318] {standard_task_runner.py:78} INFO - Job 28: Subtask Importar1
[2020-12-11 00:18:28,421] {logging_mixin.py:112} INFO - Running %s on host %s <TaskInstance: import-dag.Importar1 2020-12-10T00:05:00+00:00 [running]> 7d635893eab6
[2020-12-11 00:18:28,485] {import-dag.py:28} INFO - =====Ejecutando Tarea de Importacion =============
[2020-12-11 00:18:28,486] {import-dag.py:29} INFO - ===== Archivo  =============
[2020-12-11 00:18:28,489] {import-dag.py:30} INFO - time_series_covid19_confirmed_global
[2020-12-11 00:18:28,492] {import-dag.py:31} INFO - ===== Tabla  =============
[2020-12-11 00:18:28,493] {taskinstance.py:1150} ERROR - 'tabla'
Traceback (most recent call last):
  File "/home/airflow/.local/lib/python3.6/site-packages/airflow/models/taskinstance.py", line 984, in _run_raw_task
    result = task_copy.execute(context=context)
  File "/home/airflow/.local/lib/python3.6/site-packages/airflow/operators/python_operator.py", line 113, in execute
    return_value = self.execute_callable()
  File "/home/airflow/.local/lib/python3.6/site-packages/airflow/operators/python_operator.py", line 118, in execute_callable
    return self.python_callable(*self.op_args, **self.op_kwargs)
  File "/opt/airflow/dags/import-dag.py", line 32, in importarCsv
    logger.info(kwargs['tabla'])
KeyError: 'tabla'
[2020-12-11 00:18:28,498] {taskinstance.py:1194} INFO - Marking task as UP_FOR_RETRY. dag_id=import-dag, task_id=Importar1, execution_date=20201210T000500, start_date=20201211T001828, end_date=20201211T001828
[2020-12-11 00:18:33,117] {local_task_job.py:102} INFO - Task exited with return code 1
