[2020-12-11 00:25:28,451] {taskinstance.py:670} INFO - Dependencies all met for <TaskInstance: import-dag.Importar1 2020-12-10T00:05:00+00:00 [queued]>
[2020-12-11 00:25:28,499] {taskinstance.py:670} INFO - Dependencies all met for <TaskInstance: import-dag.Importar1 2020-12-10T00:05:00+00:00 [queued]>
[2020-12-11 00:25:28,500] {taskinstance.py:880} INFO - 
--------------------------------------------------------------------------------
[2020-12-11 00:25:28,502] {taskinstance.py:881} INFO - Starting attempt 2 of 2
[2020-12-11 00:25:28,502] {taskinstance.py:882} INFO - 
--------------------------------------------------------------------------------
[2020-12-11 00:25:28,526] {taskinstance.py:901} INFO - Executing <Task(PythonOperator): Importar1> on 2020-12-10T00:05:00+00:00
[2020-12-11 00:25:28,531] {standard_task_runner.py:54} INFO - Started process 147 to run task
[2020-12-11 00:25:28,585] {standard_task_runner.py:77} INFO - Running: ['airflow', 'run', 'import-dag', 'Importar1', '2020-12-10T00:05:00+00:00', '--job_id', '31', '--pool', 'default_pool', '--raw', '-sd', 'DAGS_FOLDER/import-dag.py', '--cfg_path', '/tmp/tmp8s9rtey1']
[2020-12-11 00:25:28,588] {standard_task_runner.py:78} INFO - Job 31: Subtask Importar1
[2020-12-11 00:25:28,668] {logging_mixin.py:112} INFO - Running %s on host %s <TaskInstance: import-dag.Importar1 2020-12-10T00:05:00+00:00 [running]> 7d635893eab6
[2020-12-11 00:25:28,751] {import-dag.py:28} INFO - =====Ejecutando Tarea de Importacion =============
[2020-12-11 00:25:28,754] {import-dag.py:29} INFO - ===== Archivo  =============
[2020-12-11 00:25:28,758] {import-dag.py:30} INFO - time_series_covid19_confirmed_global.csv
[2020-12-11 00:25:28,762] {import-dag.py:31} INFO - ===== Tabla  =============
[2020-12-11 00:25:28,768] {import-dag.py:32} INFO - time_series_covid19_confirmed_global
[2020-12-11 00:25:28,769] {python_operator.py:114} INFO - Done. Returned value was: None
[2020-12-11 00:25:28,796] {taskinstance.py:1070} INFO - Marking task as SUCCESS.dag_id=import-dag, task_id=Importar1, execution_date=20201210T000500, start_date=20201211T002528, end_date=20201211T002528
[2020-12-11 00:25:33,397] {local_task_job.py:102} INFO - Task exited with return code 0
