[2020-12-11 00:14:09,037] {taskinstance.py:670} INFO - Dependencies all met for <TaskInstance: import-dag.Importar1 2020-12-10T00:50:00+00:00 [queued]>
[2020-12-11 00:14:09,087] {taskinstance.py:670} INFO - Dependencies all met for <TaskInstance: import-dag.Importar1 2020-12-10T00:50:00+00:00 [queued]>
[2020-12-11 00:14:09,092] {taskinstance.py:880} INFO - 
--------------------------------------------------------------------------------
[2020-12-11 00:14:09,094] {taskinstance.py:881} INFO - Starting attempt 1 of 2
[2020-12-11 00:14:09,095] {taskinstance.py:882} INFO - 
--------------------------------------------------------------------------------
[2020-12-11 00:14:09,145] {taskinstance.py:901} INFO - Executing <Task(PythonOperator): Importar1> on 2020-12-10T00:50:00+00:00
[2020-12-11 00:14:09,151] {standard_task_runner.py:54} INFO - Started process 529 to run task
[2020-12-11 00:14:09,237] {standard_task_runner.py:77} INFO - Running: ['airflow', 'run', 'import-dag', 'Importar1', '2020-12-10T00:50:00+00:00', '--job_id', '18', '--pool', 'default_pool', '--raw', '-sd', 'DAGS_FOLDER/import-dag.py', '--cfg_path', '/tmp/tmpr4_8wvoh']
[2020-12-11 00:14:09,241] {standard_task_runner.py:78} INFO - Job 18: Subtask Importar1
[2020-12-11 00:14:09,348] {logging_mixin.py:112} INFO - Running %s on host %s <TaskInstance: import-dag.Importar1 2020-12-10T00:50:00+00:00 [running]> 7d635893eab6
[2020-12-11 00:14:09,405] {import-dag.py:28} INFO - =====Ejecutando Tarea de Importacion =============
[2020-12-11 00:14:09,406] {import-dag.py:29} INFO - ===== Archivo  =============
[2020-12-11 00:14:09,408] {import-dag.py:30} INFO - time_series_covid19_confirmed_global
[2020-12-11 00:14:09,409] {import-dag.py:31} INFO - ===== Tabla  =============
[2020-12-11 00:14:09,414] {taskinstance.py:1150} ERROR - 'tabla'
Traceback (most recent call last):
  File "/home/airflow/.local/lib/python3.6/site-packages/airflow/models/taskinstance.py", line 984, in _run_raw_task
    result = task_copy.execute(context=context)
  File "/home/airflow/.local/lib/python3.6/site-packages/airflow/operators/python_operator.py", line 113, in execute
    return_value = self.execute_callable()
  File "/home/airflow/.local/lib/python3.6/site-packages/airflow/operators/python_operator.py", line 118, in execute_callable
    return self.python_callable(*self.op_args, **self.op_kwargs)
  File "/opt/airflow/dags/import-dag.py", line 32, in importarCsv
    logger.info(kwargs['tabla'])
KeyError: 'tabla'
[2020-12-11 00:14:09,422] {taskinstance.py:1194} INFO - Marking task as UP_FOR_RETRY. dag_id=import-dag, task_id=Importar1, execution_date=20201210T005000, start_date=20201211T001409, end_date=20201211T001409
[2020-12-11 00:14:13,990] {local_task_job.py:102} INFO - Task exited with return code 1
[2020-12-11 00:26:42,376] {taskinstance.py:670} INFO - Dependencies all met for <TaskInstance: import-dag.Importar1 2020-12-10T00:50:00+00:00 [queued]>
[2020-12-11 00:26:42,421] {taskinstance.py:670} INFO - Dependencies all met for <TaskInstance: import-dag.Importar1 2020-12-10T00:50:00+00:00 [queued]>
[2020-12-11 00:26:42,423] {taskinstance.py:880} INFO - 
--------------------------------------------------------------------------------
[2020-12-11 00:26:42,424] {taskinstance.py:881} INFO - Starting attempt 1 of 2
[2020-12-11 00:26:42,425] {taskinstance.py:882} INFO - 
--------------------------------------------------------------------------------
[2020-12-11 00:26:42,451] {taskinstance.py:901} INFO - Executing <Task(PythonOperator): Importar1> on 2020-12-10T00:50:00+00:00
[2020-12-11 00:26:42,458] {standard_task_runner.py:54} INFO - Started process 260 to run task
[2020-12-11 00:26:42,502] {standard_task_runner.py:77} INFO - Running: ['airflow', 'run', 'import-dag', 'Importar1', '2020-12-10T00:50:00+00:00', '--job_id', '40', '--pool', 'default_pool', '--raw', '-sd', 'DAGS_FOLDER/import-dag.py', '--cfg_path', '/tmp/tmp8zlcul27']
[2020-12-11 00:26:42,507] {standard_task_runner.py:78} INFO - Job 40: Subtask Importar1
[2020-12-11 00:26:42,595] {logging_mixin.py:112} INFO - Running %s on host %s <TaskInstance: import-dag.Importar1 2020-12-10T00:50:00+00:00 [running]> 7d635893eab6
[2020-12-11 00:26:42,669] {import-dag.py:28} INFO - =====Ejecutando Tarea de Importacion =============
[2020-12-11 00:26:42,671] {import-dag.py:29} INFO - ===== Archivo  =============
[2020-12-11 00:26:42,672] {import-dag.py:30} INFO - time_series_covid19_confirmed_global.csv
[2020-12-11 00:26:42,673] {import-dag.py:31} INFO - ===== Tabla  =============
[2020-12-11 00:26:42,675] {import-dag.py:32} INFO - time_series_covid19_confirmed_global
[2020-12-11 00:26:42,676] {python_operator.py:114} INFO - Done. Returned value was: None
[2020-12-11 00:26:42,699] {taskinstance.py:1070} INFO - Marking task as SUCCESS.dag_id=import-dag, task_id=Importar1, execution_date=20201210T005000, start_date=20201211T002642, end_date=20201211T002642
[2020-12-11 00:26:47,337] {local_task_job.py:102} INFO - Task exited with return code 0
