[2020-12-11 00:12:44,847] {taskinstance.py:670} INFO - Dependencies all met for <TaskInstance: import-dag.Importar1 2020-12-11T00:07:41.657153+00:00 [queued]>
[2020-12-11 00:12:44,903] {taskinstance.py:670} INFO - Dependencies all met for <TaskInstance: import-dag.Importar1 2020-12-11T00:07:41.657153+00:00 [queued]>
[2020-12-11 00:12:44,905] {taskinstance.py:880} INFO - 
--------------------------------------------------------------------------------
[2020-12-11 00:12:44,906] {taskinstance.py:881} INFO - Starting attempt 1 of 2
[2020-12-11 00:12:44,907] {taskinstance.py:882} INFO - 
--------------------------------------------------------------------------------
[2020-12-11 00:12:44,922] {taskinstance.py:901} INFO - Executing <Task(PythonOperator): Importar1> on 2020-12-11T00:07:41.657153+00:00
[2020-12-11 00:12:44,933] {standard_task_runner.py:54} INFO - Started process 416 to run task
[2020-12-11 00:12:44,997] {standard_task_runner.py:77} INFO - Running: ['airflow', 'run', 'import-dag', 'Importar1', '2020-12-11T00:07:41.657153+00:00', '--job_id', '8', '--pool', 'default_pool', '--raw', '-sd', 'DAGS_FOLDER/import-dag.py', '--cfg_path', '/tmp/tmp7bs2fe1b']
[2020-12-11 00:12:45,000] {standard_task_runner.py:78} INFO - Job 8: Subtask Importar1
[2020-12-11 00:12:45,141] {logging_mixin.py:112} INFO - Running %s on host %s <TaskInstance: import-dag.Importar1 2020-12-11T00:07:41.657153+00:00 [running]> 7d635893eab6
[2020-12-11 00:12:45,230] {import-dag.py:28} INFO - =====Ejecutando Tarea de Importacion =============
[2020-12-11 00:12:45,233] {import-dag.py:29} INFO - ===== Archivo  =============
[2020-12-11 00:12:45,235] {import-dag.py:30} INFO - time_series_covid19_confirmed_global
[2020-12-11 00:12:45,239] {import-dag.py:31} INFO - ===== Tabla  =============
[2020-12-11 00:12:45,245] {taskinstance.py:1150} ERROR - 'tabla'
Traceback (most recent call last):
  File "/home/airflow/.local/lib/python3.6/site-packages/airflow/models/taskinstance.py", line 984, in _run_raw_task
    result = task_copy.execute(context=context)
  File "/home/airflow/.local/lib/python3.6/site-packages/airflow/operators/python_operator.py", line 113, in execute
    return_value = self.execute_callable()
  File "/home/airflow/.local/lib/python3.6/site-packages/airflow/operators/python_operator.py", line 118, in execute_callable
    return self.python_callable(*self.op_args, **self.op_kwargs)
  File "/opt/airflow/dags/import-dag.py", line 32, in importarCsv
    logger.info(kwargs['tabla'])
KeyError: 'tabla'
[2020-12-11 00:12:45,254] {taskinstance.py:1194} INFO - Marking task as UP_FOR_RETRY. dag_id=import-dag, task_id=Importar1, execution_date=20201211T000741, start_date=20201211T001244, end_date=20201211T001245
[2020-12-11 00:12:49,815] {local_task_job.py:102} INFO - Task exited with return code 1
