[2020-12-11 02:34:03,921] {taskinstance.py:670} INFO - Dependencies all met for <TaskInstance: import-dag.Importar2 2020-12-10T01:10:00+00:00 [queued]>
[2020-12-11 02:34:03,974] {taskinstance.py:670} INFO - Dependencies all met for <TaskInstance: import-dag.Importar2 2020-12-10T01:10:00+00:00 [queued]>
[2020-12-11 02:34:03,975] {taskinstance.py:880} INFO - 
--------------------------------------------------------------------------------
[2020-12-11 02:34:03,977] {taskinstance.py:881} INFO - Starting attempt 2 of 2
[2020-12-11 02:34:03,978] {taskinstance.py:882} INFO - 
--------------------------------------------------------------------------------
[2020-12-11 02:34:03,990] {taskinstance.py:901} INFO - Executing <Task(PythonOperator): Importar2> on 2020-12-10T01:10:00+00:00
[2020-12-11 02:34:03,994] {standard_task_runner.py:54} INFO - Started process 110 to run task
[2020-12-11 02:34:04,050] {standard_task_runner.py:77} INFO - Running: ['airflow', 'run', 'import-dag', 'Importar2', '2020-12-10T01:10:00+00:00', '--job_id', '124', '--pool', 'default_pool', '--raw', '-sd', 'DAGS_FOLDER/import-dag.py', '--cfg_path', '/tmp/tmpzgfon7ck']
[2020-12-11 02:34:04,054] {standard_task_runner.py:78} INFO - Job 124: Subtask Importar2
[2020-12-11 02:34:04,119] {logging_mixin.py:112} INFO - Running %s on host %s <TaskInstance: import-dag.Importar2 2020-12-10T01:10:00+00:00 [running]> 12e92ec9b790
[2020-12-11 02:34:04,155] {import-dag.py:31} INFO - =====Ejecutando Tarea de Importacion =============
[2020-12-11 02:34:04,155] {import-dag.py:32} INFO - ===== Archivo  =============
[2020-12-11 02:34:04,156] {import-dag.py:33} INFO - time_series_covid19_deaths_global.csv
[2020-12-11 02:34:04,157] {import-dag.py:34} INFO - ===== Tabla  =============
[2020-12-11 02:34:04,158] {import-dag.py:35} INFO - time_series_covid19_deaths_global
[2020-12-11 02:34:04,170] {taskinstance.py:1150} ERROR - 'Variable 127.0.0.1 does not exist'
Traceback (most recent call last):
  File "/home/airflow/.local/lib/python3.6/site-packages/airflow/models/taskinstance.py", line 984, in _run_raw_task
    result = task_copy.execute(context=context)
  File "/home/airflow/.local/lib/python3.6/site-packages/airflow/operators/python_operator.py", line 113, in execute
    return_value = self.execute_callable()
  File "/home/airflow/.local/lib/python3.6/site-packages/airflow/operators/python_operator.py", line 118, in execute_callable
    return self.python_callable(*self.op_args, **self.op_kwargs)
  File "/opt/airflow/dags/import-dag.py", line 37, in importarCsv
    host = Variable.get("127.0.0.1")
  File "/home/airflow/.local/lib/python3.6/site-packages/airflow/models/variable.py", line 117, in get
    raise KeyError('Variable {} does not exist'.format(key))
KeyError: 'Variable 127.0.0.1 does not exist'
[2020-12-11 02:34:04,174] {taskinstance.py:1194} INFO - Marking task as FAILED. dag_id=import-dag, task_id=Importar2, execution_date=20201210T011000, start_date=20201211T023403, end_date=20201211T023404
[2020-12-11 02:34:08,874] {local_task_job.py:102} INFO - Task exited with return code 1
