[2020-12-11 00:13:27,628] {taskinstance.py:670} INFO - Dependencies all met for <TaskInstance: import-dag.Importar1 2020-12-11T00:12:27.489086+00:00 [queued]>
[2020-12-11 00:13:27,671] {taskinstance.py:670} INFO - Dependencies all met for <TaskInstance: import-dag.Importar1 2020-12-11T00:12:27.489086+00:00 [queued]>
[2020-12-11 00:13:27,674] {taskinstance.py:880} INFO - 
--------------------------------------------------------------------------------
[2020-12-11 00:13:27,677] {taskinstance.py:881} INFO - Starting attempt 1 of 2
[2020-12-11 00:13:27,679] {taskinstance.py:882} INFO - 
--------------------------------------------------------------------------------
[2020-12-11 00:13:27,712] {taskinstance.py:901} INFO - Executing <Task(PythonOperator): Importar1> on 2020-12-11T00:12:27.489086+00:00
[2020-12-11 00:13:27,723] {standard_task_runner.py:54} INFO - Started process 473 to run task
[2020-12-11 00:13:27,785] {standard_task_runner.py:77} INFO - Running: ['airflow', 'run', 'import-dag', 'Importar1', '2020-12-11T00:12:27.489086+00:00', '--job_id', '13', '--pool', 'default_pool', '--raw', '-sd', 'DAGS_FOLDER/import-dag.py', '--cfg_path', '/tmp/tmpxrczhkzi']
[2020-12-11 00:13:27,787] {standard_task_runner.py:78} INFO - Job 13: Subtask Importar1
[2020-12-11 00:13:27,890] {logging_mixin.py:112} INFO - Running %s on host %s <TaskInstance: import-dag.Importar1 2020-12-11T00:12:27.489086+00:00 [running]> 7d635893eab6
[2020-12-11 00:13:27,952] {import-dag.py:28} INFO - =====Ejecutando Tarea de Importacion =============
[2020-12-11 00:13:27,954] {import-dag.py:29} INFO - ===== Archivo  =============
[2020-12-11 00:13:27,956] {import-dag.py:30} INFO - time_series_covid19_confirmed_global
[2020-12-11 00:13:27,958] {import-dag.py:31} INFO - ===== Tabla  =============
[2020-12-11 00:13:27,959] {taskinstance.py:1150} ERROR - 'tabla'
Traceback (most recent call last):
  File "/home/airflow/.local/lib/python3.6/site-packages/airflow/models/taskinstance.py", line 984, in _run_raw_task
    result = task_copy.execute(context=context)
  File "/home/airflow/.local/lib/python3.6/site-packages/airflow/operators/python_operator.py", line 113, in execute
    return_value = self.execute_callable()
  File "/home/airflow/.local/lib/python3.6/site-packages/airflow/operators/python_operator.py", line 118, in execute_callable
    return self.python_callable(*self.op_args, **self.op_kwargs)
  File "/opt/airflow/dags/import-dag.py", line 32, in importarCsv
    logger.info(kwargs['tabla'])
KeyError: 'tabla'
[2020-12-11 00:13:27,966] {taskinstance.py:1194} INFO - Marking task as UP_FOR_RETRY. dag_id=import-dag, task_id=Importar1, execution_date=20201211T001227, start_date=20201211T001327, end_date=20201211T001327
[2020-12-11 00:13:32,620] {local_task_job.py:102} INFO - Task exited with return code 1
