[2020-12-11 00:14:17,273] {taskinstance.py:670} INFO - Dependencies all met for <TaskInstance: import-dag.Importar1 2020-12-10T00:55:00+00:00 [queued]>
[2020-12-11 00:14:17,354] {taskinstance.py:670} INFO - Dependencies all met for <TaskInstance: import-dag.Importar1 2020-12-10T00:55:00+00:00 [queued]>
[2020-12-11 00:14:17,357] {taskinstance.py:880} INFO - 
--------------------------------------------------------------------------------
[2020-12-11 00:14:17,362] {taskinstance.py:881} INFO - Starting attempt 1 of 2
[2020-12-11 00:14:17,368] {taskinstance.py:882} INFO - 
--------------------------------------------------------------------------------
[2020-12-11 00:14:17,391] {taskinstance.py:901} INFO - Executing <Task(PythonOperator): Importar1> on 2020-12-10T00:55:00+00:00
[2020-12-11 00:14:17,398] {standard_task_runner.py:54} INFO - Started process 549 to run task
[2020-12-11 00:14:17,465] {standard_task_runner.py:77} INFO - Running: ['airflow', 'run', 'import-dag', 'Importar1', '2020-12-10T00:55:00+00:00', '--job_id', '19', '--pool', 'default_pool', '--raw', '-sd', 'DAGS_FOLDER/import-dag.py', '--cfg_path', '/tmp/tmp2pxrehik']
[2020-12-11 00:14:17,471] {standard_task_runner.py:78} INFO - Job 19: Subtask Importar1
[2020-12-11 00:14:17,565] {logging_mixin.py:112} INFO - Running %s on host %s <TaskInstance: import-dag.Importar1 2020-12-10T00:55:00+00:00 [running]> 7d635893eab6
[2020-12-11 00:14:17,626] {import-dag.py:28} INFO - =====Ejecutando Tarea de Importacion =============
[2020-12-11 00:14:17,628] {import-dag.py:29} INFO - ===== Archivo  =============
[2020-12-11 00:14:17,632] {import-dag.py:30} INFO - time_series_covid19_confirmed_global
[2020-12-11 00:14:17,633] {import-dag.py:31} INFO - ===== Tabla  =============
[2020-12-11 00:14:17,635] {taskinstance.py:1150} ERROR - 'tabla'
Traceback (most recent call last):
  File "/home/airflow/.local/lib/python3.6/site-packages/airflow/models/taskinstance.py", line 984, in _run_raw_task
    result = task_copy.execute(context=context)
  File "/home/airflow/.local/lib/python3.6/site-packages/airflow/operators/python_operator.py", line 113, in execute
    return_value = self.execute_callable()
  File "/home/airflow/.local/lib/python3.6/site-packages/airflow/operators/python_operator.py", line 118, in execute_callable
    return self.python_callable(*self.op_args, **self.op_kwargs)
  File "/opt/airflow/dags/import-dag.py", line 32, in importarCsv
    logger.info(kwargs['tabla'])
KeyError: 'tabla'
[2020-12-11 00:14:17,642] {taskinstance.py:1194} INFO - Marking task as UP_FOR_RETRY. dag_id=import-dag, task_id=Importar1, execution_date=20201210T005500, start_date=20201211T001417, end_date=20201211T001417
[2020-12-11 00:14:22,171] {local_task_job.py:102} INFO - Task exited with return code 1
[2020-12-11 00:26:50,310] {taskinstance.py:670} INFO - Dependencies all met for <TaskInstance: import-dag.Importar1 2020-12-10T00:55:00+00:00 [queued]>
[2020-12-11 00:26:50,358] {taskinstance.py:670} INFO - Dependencies all met for <TaskInstance: import-dag.Importar1 2020-12-10T00:55:00+00:00 [queued]>
[2020-12-11 00:26:50,361] {taskinstance.py:880} INFO - 
--------------------------------------------------------------------------------
[2020-12-11 00:26:50,365] {taskinstance.py:881} INFO - Starting attempt 1 of 2
[2020-12-11 00:26:50,368] {taskinstance.py:882} INFO - 
--------------------------------------------------------------------------------
[2020-12-11 00:26:50,410] {taskinstance.py:901} INFO - Executing <Task(PythonOperator): Importar1> on 2020-12-10T00:55:00+00:00
[2020-12-11 00:26:50,422] {standard_task_runner.py:54} INFO - Started process 274 to run task
[2020-12-11 00:26:50,478] {standard_task_runner.py:77} INFO - Running: ['airflow', 'run', 'import-dag', 'Importar1', '2020-12-10T00:55:00+00:00', '--job_id', '41', '--pool', 'default_pool', '--raw', '-sd', 'DAGS_FOLDER/import-dag.py', '--cfg_path', '/tmp/tmpsv1zvp77']
[2020-12-11 00:26:50,482] {standard_task_runner.py:78} INFO - Job 41: Subtask Importar1
[2020-12-11 00:26:50,560] {logging_mixin.py:112} INFO - Running %s on host %s <TaskInstance: import-dag.Importar1 2020-12-10T00:55:00+00:00 [running]> 7d635893eab6
[2020-12-11 00:26:50,604] {import-dag.py:28} INFO - =====Ejecutando Tarea de Importacion =============
[2020-12-11 00:26:50,607] {import-dag.py:29} INFO - ===== Archivo  =============
[2020-12-11 00:26:50,609] {import-dag.py:30} INFO - time_series_covid19_confirmed_global.csv
[2020-12-11 00:26:50,610] {import-dag.py:31} INFO - ===== Tabla  =============
[2020-12-11 00:26:50,611] {import-dag.py:32} INFO - time_series_covid19_confirmed_global
[2020-12-11 00:26:50,612] {python_operator.py:114} INFO - Done. Returned value was: None
[2020-12-11 00:26:50,636] {taskinstance.py:1070} INFO - Marking task as SUCCESS.dag_id=import-dag, task_id=Importar1, execution_date=20201210T005500, start_date=20201211T002650, end_date=20201211T002650
[2020-12-11 00:26:55,269] {local_task_job.py:102} INFO - Task exited with return code 0
