[2020-12-11 02:14:26,585] {taskinstance.py:670} INFO - Dependencies all met for <TaskInstance: import-dag.Importar2 2020-12-10T00:05:00+00:00 [queued]>
[2020-12-11 02:14:26,665] {taskinstance.py:670} INFO - Dependencies all met for <TaskInstance: import-dag.Importar2 2020-12-10T00:05:00+00:00 [queued]>
[2020-12-11 02:14:26,678] {taskinstance.py:880} INFO - 
--------------------------------------------------------------------------------
[2020-12-11 02:14:26,683] {taskinstance.py:881} INFO - Starting attempt 1 of 2
[2020-12-11 02:14:26,684] {taskinstance.py:882} INFO - 
--------------------------------------------------------------------------------
[2020-12-11 02:14:26,742] {taskinstance.py:901} INFO - Executing <Task(PythonOperator): Importar2> on 2020-12-10T00:05:00+00:00
[2020-12-11 02:14:26,758] {standard_task_runner.py:54} INFO - Started process 187 to run task
[2020-12-11 02:14:26,874] {standard_task_runner.py:77} INFO - Running: ['airflow', 'run', 'import-dag', 'Importar2', '2020-12-10T00:05:00+00:00', '--job_id', '93', '--pool', 'default_pool', '--raw', '-sd', 'DAGS_FOLDER/import-dag.py', '--cfg_path', '/tmp/tmpc5ku3d7o']
[2020-12-11 02:14:26,878] {standard_task_runner.py:78} INFO - Job 93: Subtask Importar2
[2020-12-11 02:14:27,388] {logging_mixin.py:112} INFO - Running %s on host %s <TaskInstance: import-dag.Importar2 2020-12-10T00:05:00+00:00 [running]> 12e92ec9b790
[2020-12-11 02:14:27,804] {import-dag.py:29} INFO - =====Ejecutando Tarea de Importacion =============
[2020-12-11 02:14:27,809] {import-dag.py:30} INFO - ===== Archivo  =============
[2020-12-11 02:14:27,811] {import-dag.py:31} INFO - time_series_covid19_deaths_global.csv
[2020-12-11 02:14:27,812] {import-dag.py:32} INFO - ===== Tabla  =============
[2020-12-11 02:14:27,813] {import-dag.py:33} INFO - time_series_covid19_deaths_global
[2020-12-11 02:14:27,814] {python_operator.py:114} INFO - Done. Returned value was: None
[2020-12-11 02:14:27,861] {taskinstance.py:1070} INFO - Marking task as SUCCESS.dag_id=import-dag, task_id=Importar2, execution_date=20201210T000500, start_date=20201211T021426, end_date=20201211T021427
[2020-12-11 02:14:31,524] {local_task_job.py:102} INFO - Task exited with return code 0
