[2020-12-11 02:14:43,097] {taskinstance.py:670} INFO - Dependencies all met for <TaskInstance: import-dag.Importar2 2020-12-10T00:15:00+00:00 [queued]>
[2020-12-11 02:14:43,130] {taskinstance.py:670} INFO - Dependencies all met for <TaskInstance: import-dag.Importar2 2020-12-10T00:15:00+00:00 [queued]>
[2020-12-11 02:14:43,131] {taskinstance.py:880} INFO - 
--------------------------------------------------------------------------------
[2020-12-11 02:14:43,133] {taskinstance.py:881} INFO - Starting attempt 1 of 2
[2020-12-11 02:14:43,135] {taskinstance.py:882} INFO - 
--------------------------------------------------------------------------------
[2020-12-11 02:14:43,173] {taskinstance.py:901} INFO - Executing <Task(PythonOperator): Importar2> on 2020-12-10T00:15:00+00:00
[2020-12-11 02:14:43,179] {standard_task_runner.py:54} INFO - Started process 214 to run task
[2020-12-11 02:14:43,240] {standard_task_runner.py:77} INFO - Running: ['airflow', 'run', 'import-dag', 'Importar2', '2020-12-10T00:15:00+00:00', '--job_id', '95', '--pool', 'default_pool', '--raw', '-sd', 'DAGS_FOLDER/import-dag.py', '--cfg_path', '/tmp/tmpzx4zt4cy']
[2020-12-11 02:14:43,244] {standard_task_runner.py:78} INFO - Job 95: Subtask Importar2
[2020-12-11 02:14:43,320] {logging_mixin.py:112} INFO - Running %s on host %s <TaskInstance: import-dag.Importar2 2020-12-10T00:15:00+00:00 [running]> 12e92ec9b790
[2020-12-11 02:14:43,362] {import-dag.py:29} INFO - =====Ejecutando Tarea de Importacion =============
[2020-12-11 02:14:43,364] {import-dag.py:30} INFO - ===== Archivo  =============
[2020-12-11 02:14:43,365] {import-dag.py:31} INFO - time_series_covid19_deaths_global.csv
[2020-12-11 02:14:43,367] {import-dag.py:32} INFO - ===== Tabla  =============
[2020-12-11 02:14:43,368] {import-dag.py:33} INFO - time_series_covid19_deaths_global
[2020-12-11 02:14:43,369] {python_operator.py:114} INFO - Done. Returned value was: None
[2020-12-11 02:14:43,392] {taskinstance.py:1070} INFO - Marking task as SUCCESS.dag_id=import-dag, task_id=Importar2, execution_date=20201210T001500, start_date=20201211T021443, end_date=20201211T021443
[2020-12-11 02:14:48,069] {local_task_job.py:102} INFO - Task exited with return code 0
