[2020-12-11 02:34:27,212] {taskinstance.py:670} INFO - Dependencies all met for <TaskInstance: import-dag.Importar3 2020-12-10T00:00:00+00:00 [queued]>
[2020-12-11 02:34:27,255] {taskinstance.py:670} INFO - Dependencies all met for <TaskInstance: import-dag.Importar3 2020-12-10T00:00:00+00:00 [queued]>
[2020-12-11 02:34:27,257] {taskinstance.py:880} INFO - 
--------------------------------------------------------------------------------
[2020-12-11 02:34:27,259] {taskinstance.py:881} INFO - Starting attempt 2 of 2
[2020-12-11 02:34:27,265] {taskinstance.py:882} INFO - 
--------------------------------------------------------------------------------
[2020-12-11 02:34:27,293] {taskinstance.py:901} INFO - Executing <Task(PythonOperator): Importar3> on 2020-12-10T00:00:00+00:00
[2020-12-11 02:34:27,300] {standard_task_runner.py:54} INFO - Started process 157 to run task
[2020-12-11 02:34:27,358] {standard_task_runner.py:77} INFO - Running: ['airflow', 'run', 'import-dag', 'Importar3', '2020-12-10T00:00:00+00:00', '--job_id', '127', '--pool', 'default_pool', '--raw', '-sd', 'DAGS_FOLDER/import-dag.py', '--cfg_path', '/tmp/tmp0uqfg1ul']
[2020-12-11 02:34:27,361] {standard_task_runner.py:78} INFO - Job 127: Subtask Importar3
[2020-12-11 02:34:27,435] {logging_mixin.py:112} INFO - Running %s on host %s <TaskInstance: import-dag.Importar3 2020-12-10T00:00:00+00:00 [running]> 12e92ec9b790
[2020-12-11 02:34:27,474] {import-dag.py:31} INFO - =====Ejecutando Tarea de Importacion =============
[2020-12-11 02:34:27,475] {import-dag.py:32} INFO - ===== Archivo  =============
[2020-12-11 02:34:27,478] {import-dag.py:33} INFO - time_series_covid19_recovered_global.csv
[2020-12-11 02:34:27,479] {import-dag.py:34} INFO - ===== Tabla  =============
[2020-12-11 02:34:27,481] {import-dag.py:35} INFO - time_series_covid19_recovered_global
[2020-12-11 02:34:27,482] {python_operator.py:114} INFO - Done. Returned value was: None
[2020-12-11 02:34:27,503] {taskinstance.py:1070} INFO - Marking task as SUCCESS.dag_id=import-dag, task_id=Importar3, execution_date=20201210T000000, start_date=20201211T023427, end_date=20201211T023427
[2020-12-11 02:34:32,136] {local_task_job.py:102} INFO - Task exited with return code 0
