[2020-12-11 02:33:41,223] {taskinstance.py:670} INFO - Dependencies all met for <TaskInstance: import-dag.Importar1 2020-12-10T01:30:00+00:00 [queued]>
[2020-12-11 02:33:41,262] {taskinstance.py:670} INFO - Dependencies all met for <TaskInstance: import-dag.Importar1 2020-12-10T01:30:00+00:00 [queued]>
[2020-12-11 02:33:41,263] {taskinstance.py:880} INFO - 
--------------------------------------------------------------------------------
[2020-12-11 02:33:41,264] {taskinstance.py:881} INFO - Starting attempt 2 of 2
[2020-12-11 02:33:41,265] {taskinstance.py:882} INFO - 
--------------------------------------------------------------------------------
[2020-12-11 02:33:41,275] {taskinstance.py:901} INFO - Executing <Task(PythonOperator): Importar1> on 2020-12-10T01:30:00+00:00
[2020-12-11 02:33:41,279] {standard_task_runner.py:54} INFO - Started process 69 to run task
[2020-12-11 02:33:41,312] {standard_task_runner.py:77} INFO - Running: ['airflow', 'run', 'import-dag', 'Importar1', '2020-12-10T01:30:00+00:00', '--job_id', '121', '--pool', 'default_pool', '--raw', '-sd', 'DAGS_FOLDER/import-dag.py', '--cfg_path', '/tmp/tmpqh9rwi0s']
[2020-12-11 02:33:41,314] {standard_task_runner.py:78} INFO - Job 121: Subtask Importar1
[2020-12-11 02:33:41,368] {logging_mixin.py:112} INFO - Running %s on host %s <TaskInstance: import-dag.Importar1 2020-12-10T01:30:00+00:00 [running]> 12e92ec9b790
[2020-12-11 02:33:41,404] {import-dag.py:31} INFO - =====Ejecutando Tarea de Importacion =============
[2020-12-11 02:33:41,405] {import-dag.py:32} INFO - ===== Archivo  =============
[2020-12-11 02:33:41,406] {import-dag.py:33} INFO - time_series_covid19_confirmed_global.csv
[2020-12-11 02:33:41,407] {import-dag.py:34} INFO - ===== Tabla  =============
[2020-12-11 02:33:41,408] {import-dag.py:35} INFO - time_series_covid19_confirmed_global
[2020-12-11 02:33:41,422] {taskinstance.py:1150} ERROR - 'Variable 127.0.0.1 does not exist'
Traceback (most recent call last):
  File "/home/airflow/.local/lib/python3.6/site-packages/airflow/models/taskinstance.py", line 984, in _run_raw_task
    result = task_copy.execute(context=context)
  File "/home/airflow/.local/lib/python3.6/site-packages/airflow/operators/python_operator.py", line 113, in execute
    return_value = self.execute_callable()
  File "/home/airflow/.local/lib/python3.6/site-packages/airflow/operators/python_operator.py", line 118, in execute_callable
    return self.python_callable(*self.op_args, **self.op_kwargs)
  File "/opt/airflow/dags/import-dag.py", line 37, in importarCsv
    host = Variable.get("127.0.0.1")
  File "/home/airflow/.local/lib/python3.6/site-packages/airflow/models/variable.py", line 117, in get
    raise KeyError('Variable {} does not exist'.format(key))
KeyError: 'Variable 127.0.0.1 does not exist'
[2020-12-11 02:33:41,430] {taskinstance.py:1194} INFO - Marking task as FAILED. dag_id=import-dag, task_id=Importar1, execution_date=20201210T013000, start_date=20201211T023341, end_date=20201211T023341
[2020-12-11 02:33:46,189] {local_task_job.py:102} INFO - Task exited with return code 1
