[2020-12-11 04:25:40,163] {taskinstance.py:670} INFO - Dependencies all met for <TaskInstance: import-dag.Importar1 2020-12-10T19:35:00+00:00 [queued]>
[2020-12-11 04:25:40,209] {taskinstance.py:670} INFO - Dependencies all met for <TaskInstance: import-dag.Importar1 2020-12-10T19:35:00+00:00 [queued]>
[2020-12-11 04:25:40,210] {taskinstance.py:880} INFO - 
--------------------------------------------------------------------------------
[2020-12-11 04:25:40,211] {taskinstance.py:881} INFO - Starting attempt 1 of 2
[2020-12-11 04:25:40,212] {taskinstance.py:882} INFO - 
--------------------------------------------------------------------------------
[2020-12-11 04:25:40,224] {taskinstance.py:901} INFO - Executing <Task(PythonOperator): Importar1> on 2020-12-10T19:35:00+00:00
[2020-12-11 04:25:40,229] {standard_task_runner.py:54} INFO - Started process 5146 to run task
[2020-12-11 04:25:40,265] {standard_task_runner.py:77} INFO - Running: ['airflow', 'run', 'import-dag', 'Importar1', '2020-12-10T19:35:00+00:00', '--job_id', '569', '--pool', 'default_pool', '--raw', '-sd', 'DAGS_FOLDER/import-dag.py', '--cfg_path', '/tmp/tmpl2zu2dv2']
[2020-12-11 04:25:40,267] {standard_task_runner.py:78} INFO - Job 569: Subtask Importar1
[2020-12-11 04:25:40,335] {logging_mixin.py:112} INFO - Running %s on host %s <TaskInstance: import-dag.Importar1 2020-12-10T19:35:00+00:00 [running]> d31552e451f4
[2020-12-11 04:25:40,372] {import-dag.py:31} INFO - =====Ejecutando Tarea de Importacion =============
[2020-12-11 04:25:40,373] {import-dag.py:32} INFO - ===== Archivo  =============
[2020-12-11 04:25:40,374] {import-dag.py:33} INFO - time_series_covid19_confirmed_global.csv
[2020-12-11 04:25:40,375] {import-dag.py:34} INFO - ===== Tabla  =============
[2020-12-11 04:25:40,376] {import-dag.py:35} INFO - time_series_covid19_confirmed_global
[2020-12-11 04:25:40,390] {taskinstance.py:1150} ERROR - 'Variable 127.0.0.1 does not exist'
Traceback (most recent call last):
  File "/home/airflow/.local/lib/python3.6/site-packages/airflow/models/taskinstance.py", line 984, in _run_raw_task
    result = task_copy.execute(context=context)
  File "/home/airflow/.local/lib/python3.6/site-packages/airflow/operators/python_operator.py", line 113, in execute
    return_value = self.execute_callable()
  File "/home/airflow/.local/lib/python3.6/site-packages/airflow/operators/python_operator.py", line 118, in execute_callable
    return self.python_callable(*self.op_args, **self.op_kwargs)
  File "/opt/airflow/dags/import-dag.py", line 36, in importarCsv
    host = Variable.get("127.0.0.1")
  File "/home/airflow/.local/lib/python3.6/site-packages/airflow/models/variable.py", line 117, in get
    raise KeyError('Variable {} does not exist'.format(key))
KeyError: 'Variable 127.0.0.1 does not exist'
[2020-12-11 04:25:40,402] {taskinstance.py:1194} INFO - Marking task as UP_FOR_RETRY. dag_id=import-dag, task_id=Importar1, execution_date=20201210T193500, start_date=20201211T042540, end_date=20201211T042540
[2020-12-11 04:25:45,141] {local_task_job.py:102} INFO - Task exited with return code 1
