[2020-12-11 02:14:58,663] {taskinstance.py:670} INFO - Dependencies all met for <TaskInstance: import-dag.Importar2 2020-12-10T00:25:00+00:00 [queued]>
[2020-12-11 02:14:58,717] {taskinstance.py:670} INFO - Dependencies all met for <TaskInstance: import-dag.Importar2 2020-12-10T00:25:00+00:00 [queued]>
[2020-12-11 02:14:58,718] {taskinstance.py:880} INFO - 
--------------------------------------------------------------------------------
[2020-12-11 02:14:58,719] {taskinstance.py:881} INFO - Starting attempt 1 of 2
[2020-12-11 02:14:58,720] {taskinstance.py:882} INFO - 
--------------------------------------------------------------------------------
[2020-12-11 02:14:58,758] {taskinstance.py:901} INFO - Executing <Task(PythonOperator): Importar2> on 2020-12-10T00:25:00+00:00
[2020-12-11 02:14:58,768] {standard_task_runner.py:54} INFO - Started process 241 to run task
[2020-12-11 02:14:58,836] {standard_task_runner.py:77} INFO - Running: ['airflow', 'run', 'import-dag', 'Importar2', '2020-12-10T00:25:00+00:00', '--job_id', '97', '--pool', 'default_pool', '--raw', '-sd', 'DAGS_FOLDER/import-dag.py', '--cfg_path', '/tmp/tmp0w10wsx8']
[2020-12-11 02:14:58,839] {standard_task_runner.py:78} INFO - Job 97: Subtask Importar2
[2020-12-11 02:14:58,917] {logging_mixin.py:112} INFO - Running %s on host %s <TaskInstance: import-dag.Importar2 2020-12-10T00:25:00+00:00 [running]> 12e92ec9b790
[2020-12-11 02:14:58,971] {import-dag.py:29} INFO - =====Ejecutando Tarea de Importacion =============
[2020-12-11 02:14:58,972] {import-dag.py:30} INFO - ===== Archivo  =============
[2020-12-11 02:14:58,983] {import-dag.py:31} INFO - time_series_covid19_deaths_global.csv
[2020-12-11 02:14:58,984] {import-dag.py:32} INFO - ===== Tabla  =============
[2020-12-11 02:14:58,986] {import-dag.py:33} INFO - time_series_covid19_deaths_global
[2020-12-11 02:14:58,986] {python_operator.py:114} INFO - Done. Returned value was: None
[2020-12-11 02:14:59,018] {taskinstance.py:1070} INFO - Marking task as SUCCESS.dag_id=import-dag, task_id=Importar2, execution_date=20201210T002500, start_date=20201211T021458, end_date=20201211T021459
[2020-12-11 02:15:03,621] {local_task_job.py:102} INFO - Task exited with return code 0
