[2020-12-11 02:32:35,257] {taskinstance.py:670} INFO - Dependencies all met for <TaskInstance: import-dag.Importar1 2020-12-10T01:45:00+00:00 [queued]>
[2020-12-11 02:32:35,319] {taskinstance.py:670} INFO - Dependencies all met for <TaskInstance: import-dag.Importar1 2020-12-10T01:45:00+00:00 [queued]>
[2020-12-11 02:32:35,321] {taskinstance.py:880} INFO - 
--------------------------------------------------------------------------------
[2020-12-11 02:32:35,322] {taskinstance.py:881} INFO - Starting attempt 1 of 2
[2020-12-11 02:32:35,323] {taskinstance.py:882} INFO - 
--------------------------------------------------------------------------------
[2020-12-11 02:32:35,346] {taskinstance.py:901} INFO - Executing <Task(PythonOperator): Importar1> on 2020-12-10T01:45:00+00:00
[2020-12-11 02:32:35,350] {standard_task_runner.py:54} INFO - Started process 1593 to run task
[2020-12-11 02:32:35,396] {standard_task_runner.py:77} INFO - Running: ['airflow', 'run', 'import-dag', 'Importar1', '2020-12-10T01:45:00+00:00', '--job_id', '117', '--pool', 'default_pool', '--raw', '-sd', 'DAGS_FOLDER/import-dag.py', '--cfg_path', '/tmp/tmpsdoe6kjk']
[2020-12-11 02:32:35,399] {standard_task_runner.py:78} INFO - Job 117: Subtask Importar1
[2020-12-11 02:32:35,469] {logging_mixin.py:112} INFO - Running %s on host %s <TaskInstance: import-dag.Importar1 2020-12-10T01:45:00+00:00 [running]> 12e92ec9b790
[2020-12-11 02:32:35,521] {import-dag.py:31} INFO - =====Ejecutando Tarea de Importacion =============
[2020-12-11 02:32:35,522] {import-dag.py:32} INFO - ===== Archivo  =============
[2020-12-11 02:32:35,523] {import-dag.py:33} INFO - time_series_covid19_confirmed_global.csv
[2020-12-11 02:32:35,525] {import-dag.py:34} INFO - ===== Tabla  =============
[2020-12-11 02:32:35,526] {import-dag.py:35} INFO - time_series_covid19_confirmed_global
[2020-12-11 02:32:35,542] {taskinstance.py:1150} ERROR - 'Variable 127.0.0.1 does not exist'
Traceback (most recent call last):
  File "/home/airflow/.local/lib/python3.6/site-packages/airflow/models/taskinstance.py", line 984, in _run_raw_task
    result = task_copy.execute(context=context)
  File "/home/airflow/.local/lib/python3.6/site-packages/airflow/operators/python_operator.py", line 113, in execute
    return_value = self.execute_callable()
  File "/home/airflow/.local/lib/python3.6/site-packages/airflow/operators/python_operator.py", line 118, in execute_callable
    return self.python_callable(*self.op_args, **self.op_kwargs)
  File "/opt/airflow/dags/import-dag.py", line 37, in importarCsv
    host = Variable.get("127.0.0.1")
  File "/home/airflow/.local/lib/python3.6/site-packages/airflow/models/variable.py", line 117, in get
    raise KeyError('Variable {} does not exist'.format(key))
KeyError: 'Variable 127.0.0.1 does not exist'
[2020-12-11 02:32:35,550] {taskinstance.py:1194} INFO - Marking task as UP_FOR_RETRY. dag_id=import-dag, task_id=Importar1, execution_date=20201210T014500, start_date=20201211T023235, end_date=20201211T023235
[2020-12-11 02:32:37,058] {local_task_job.py:77} ERROR - Received SIGTERM. Terminating subprocesses
