[2020-12-11 02:35:41,149] {taskinstance.py:670} INFO - Dependencies all met for <TaskInstance: import-dag.Importar1 2020-12-10T01:45:00+00:00 [queued]>
[2020-12-11 02:35:41,174] {taskinstance.py:670} INFO - Dependencies all met for <TaskInstance: import-dag.Importar1 2020-12-10T01:45:00+00:00 [queued]>
[2020-12-11 02:35:41,175] {taskinstance.py:880} INFO - 
--------------------------------------------------------------------------------
[2020-12-11 02:35:41,175] {taskinstance.py:881} INFO - Starting attempt 2 of 2
[2020-12-11 02:35:41,176] {taskinstance.py:882} INFO - 
--------------------------------------------------------------------------------
[2020-12-11 02:35:41,195] {taskinstance.py:901} INFO - Executing <Task(PythonOperator): Importar1> on 2020-12-10T01:45:00+00:00
[2020-12-11 02:35:41,200] {standard_task_runner.py:54} INFO - Started process 37 to run task
[2020-12-11 02:35:41,235] {standard_task_runner.py:77} INFO - Running: ['airflow', 'run', 'import-dag', 'Importar1', '2020-12-10T01:45:00+00:00', '--job_id', '131', '--pool', 'default_pool', '--raw', '-sd', 'DAGS_FOLDER/import-dag.py', '--cfg_path', '/tmp/tmpau2vkzeb']
[2020-12-11 02:35:41,239] {standard_task_runner.py:78} INFO - Job 131: Subtask Importar1
[2020-12-11 02:35:41,300] {logging_mixin.py:112} INFO - Running %s on host %s <TaskInstance: import-dag.Importar1 2020-12-10T01:45:00+00:00 [running]> d31552e451f4
[2020-12-11 02:35:41,336] {import-dag.py:31} INFO - =====Ejecutando Tarea de Importacion =============
[2020-12-11 02:35:41,337] {import-dag.py:32} INFO - ===== Archivo  =============
[2020-12-11 02:35:41,338] {import-dag.py:33} INFO - time_series_covid19_confirmed_global.csv
[2020-12-11 02:35:41,339] {import-dag.py:34} INFO - ===== Tabla  =============
[2020-12-11 02:35:41,340] {import-dag.py:35} INFO - time_series_covid19_confirmed_global
[2020-12-11 02:35:41,340] {python_operator.py:114} INFO - Done. Returned value was: None
[2020-12-11 02:35:41,356] {taskinstance.py:1070} INFO - Marking task as SUCCESS.dag_id=import-dag, task_id=Importar1, execution_date=20201210T014500, start_date=20201211T023541, end_date=20201211T023541
[2020-12-11 02:35:46,177] {local_task_job.py:102} INFO - Task exited with return code 0
