[2020-12-11 00:13:11,316] {taskinstance.py:670} INFO - Dependencies all met for <TaskInstance: import-dag.Importar1 2020-12-10T00:20:00+00:00 [queued]>
[2020-12-11 00:13:11,380] {taskinstance.py:670} INFO - Dependencies all met for <TaskInstance: import-dag.Importar1 2020-12-10T00:20:00+00:00 [queued]>
[2020-12-11 00:13:11,381] {taskinstance.py:880} INFO - 
--------------------------------------------------------------------------------
[2020-12-11 00:13:11,383] {taskinstance.py:881} INFO - Starting attempt 1 of 2
[2020-12-11 00:13:11,386] {taskinstance.py:882} INFO - 
--------------------------------------------------------------------------------
[2020-12-11 00:13:11,408] {taskinstance.py:901} INFO - Executing <Task(PythonOperator): Importar1> on 2020-12-10T00:20:00+00:00
[2020-12-11 00:13:11,421] {standard_task_runner.py:54} INFO - Started process 447 to run task
[2020-12-11 00:13:11,504] {standard_task_runner.py:77} INFO - Running: ['airflow', 'run', 'import-dag', 'Importar1', '2020-12-10T00:20:00+00:00', '--job_id', '11', '--pool', 'default_pool', '--raw', '-sd', 'DAGS_FOLDER/import-dag.py', '--cfg_path', '/tmp/tmp1np4meg4']
[2020-12-11 00:13:11,509] {standard_task_runner.py:78} INFO - Job 11: Subtask Importar1
[2020-12-11 00:13:11,609] {logging_mixin.py:112} INFO - Running %s on host %s <TaskInstance: import-dag.Importar1 2020-12-10T00:20:00+00:00 [running]> 7d635893eab6
[2020-12-11 00:13:11,655] {import-dag.py:28} INFO - =====Ejecutando Tarea de Importacion =============
[2020-12-11 00:13:11,658] {import-dag.py:29} INFO - ===== Archivo  =============
[2020-12-11 00:13:11,661] {import-dag.py:30} INFO - time_series_covid19_confirmed_global
[2020-12-11 00:13:11,662] {import-dag.py:31} INFO - ===== Tabla  =============
[2020-12-11 00:13:11,667] {taskinstance.py:1150} ERROR - 'tabla'
Traceback (most recent call last):
  File "/home/airflow/.local/lib/python3.6/site-packages/airflow/models/taskinstance.py", line 984, in _run_raw_task
    result = task_copy.execute(context=context)
  File "/home/airflow/.local/lib/python3.6/site-packages/airflow/operators/python_operator.py", line 113, in execute
    return_value = self.execute_callable()
  File "/home/airflow/.local/lib/python3.6/site-packages/airflow/operators/python_operator.py", line 118, in execute_callable
    return self.python_callable(*self.op_args, **self.op_kwargs)
  File "/opt/airflow/dags/import-dag.py", line 32, in importarCsv
    logger.info(kwargs['tabla'])
KeyError: 'tabla'
[2020-12-11 00:13:11,675] {taskinstance.py:1194} INFO - Marking task as UP_FOR_RETRY. dag_id=import-dag, task_id=Importar1, execution_date=20201210T002000, start_date=20201211T001311, end_date=20201211T001311
[2020-12-11 00:13:16,224] {local_task_job.py:102} INFO - Task exited with return code 1
[2020-12-11 00:25:52,565] {taskinstance.py:670} INFO - Dependencies all met for <TaskInstance: import-dag.Importar1 2020-12-10T00:20:00+00:00 [queued]>
[2020-12-11 00:25:52,612] {taskinstance.py:670} INFO - Dependencies all met for <TaskInstance: import-dag.Importar1 2020-12-10T00:20:00+00:00 [queued]>
[2020-12-11 00:25:52,614] {taskinstance.py:880} INFO - 
--------------------------------------------------------------------------------
[2020-12-11 00:25:52,617] {taskinstance.py:881} INFO - Starting attempt 1 of 2
[2020-12-11 00:25:52,618] {taskinstance.py:882} INFO - 
--------------------------------------------------------------------------------
[2020-12-11 00:25:52,653] {taskinstance.py:901} INFO - Executing <Task(PythonOperator): Importar1> on 2020-12-10T00:20:00+00:00
[2020-12-11 00:25:52,661] {standard_task_runner.py:54} INFO - Started process 182 to run task
[2020-12-11 00:25:52,691] {standard_task_runner.py:77} INFO - Running: ['airflow', 'run', 'import-dag', 'Importar1', '2020-12-10T00:20:00+00:00', '--job_id', '34', '--pool', 'default_pool', '--raw', '-sd', 'DAGS_FOLDER/import-dag.py', '--cfg_path', '/tmp/tmpy_2b61r6']
[2020-12-11 00:25:52,695] {standard_task_runner.py:78} INFO - Job 34: Subtask Importar1
[2020-12-11 00:25:52,782] {logging_mixin.py:112} INFO - Running %s on host %s <TaskInstance: import-dag.Importar1 2020-12-10T00:20:00+00:00 [running]> 7d635893eab6
[2020-12-11 00:25:52,829] {import-dag.py:28} INFO - =====Ejecutando Tarea de Importacion =============
[2020-12-11 00:25:52,831] {import-dag.py:29} INFO - ===== Archivo  =============
[2020-12-11 00:25:52,833] {import-dag.py:30} INFO - time_series_covid19_confirmed_global.csv
[2020-12-11 00:25:52,834] {import-dag.py:31} INFO - ===== Tabla  =============
[2020-12-11 00:25:52,835] {import-dag.py:32} INFO - time_series_covid19_confirmed_global
[2020-12-11 00:25:52,837] {python_operator.py:114} INFO - Done. Returned value was: None
[2020-12-11 00:25:52,860] {taskinstance.py:1070} INFO - Marking task as SUCCESS.dag_id=import-dag, task_id=Importar1, execution_date=20201210T002000, start_date=20201211T002552, end_date=20201211T002552
[2020-12-11 00:25:57,528] {local_task_job.py:102} INFO - Task exited with return code 0
