[2020-12-11 00:13:19,078] {taskinstance.py:670} INFO - Dependencies all met for <TaskInstance: import-dag.Importar1 2020-12-10T00:25:00+00:00 [queued]>
[2020-12-11 00:13:19,107] {taskinstance.py:670} INFO - Dependencies all met for <TaskInstance: import-dag.Importar1 2020-12-10T00:25:00+00:00 [queued]>
[2020-12-11 00:13:19,109] {taskinstance.py:880} INFO - 
--------------------------------------------------------------------------------
[2020-12-11 00:13:19,112] {taskinstance.py:881} INFO - Starting attempt 1 of 2
[2020-12-11 00:13:19,113] {taskinstance.py:882} INFO - 
--------------------------------------------------------------------------------
[2020-12-11 00:13:19,137] {taskinstance.py:901} INFO - Executing <Task(PythonOperator): Importar1> on 2020-12-10T00:25:00+00:00
[2020-12-11 00:13:19,141] {standard_task_runner.py:54} INFO - Started process 463 to run task
[2020-12-11 00:13:19,188] {standard_task_runner.py:77} INFO - Running: ['airflow', 'run', 'import-dag', 'Importar1', '2020-12-10T00:25:00+00:00', '--job_id', '12', '--pool', 'default_pool', '--raw', '-sd', 'DAGS_FOLDER/import-dag.py', '--cfg_path', '/tmp/tmpep4eillo']
[2020-12-11 00:13:19,193] {standard_task_runner.py:78} INFO - Job 12: Subtask Importar1
[2020-12-11 00:13:19,264] {logging_mixin.py:112} INFO - Running %s on host %s <TaskInstance: import-dag.Importar1 2020-12-10T00:25:00+00:00 [running]> 7d635893eab6
[2020-12-11 00:13:19,306] {import-dag.py:28} INFO - =====Ejecutando Tarea de Importacion =============
[2020-12-11 00:13:19,310] {import-dag.py:29} INFO - ===== Archivo  =============
[2020-12-11 00:13:19,312] {import-dag.py:30} INFO - time_series_covid19_confirmed_global
[2020-12-11 00:13:19,313] {import-dag.py:31} INFO - ===== Tabla  =============
[2020-12-11 00:13:19,315] {taskinstance.py:1150} ERROR - 'tabla'
Traceback (most recent call last):
  File "/home/airflow/.local/lib/python3.6/site-packages/airflow/models/taskinstance.py", line 984, in _run_raw_task
    result = task_copy.execute(context=context)
  File "/home/airflow/.local/lib/python3.6/site-packages/airflow/operators/python_operator.py", line 113, in execute
    return_value = self.execute_callable()
  File "/home/airflow/.local/lib/python3.6/site-packages/airflow/operators/python_operator.py", line 118, in execute_callable
    return self.python_callable(*self.op_args, **self.op_kwargs)
  File "/opt/airflow/dags/import-dag.py", line 32, in importarCsv
    logger.info(kwargs['tabla'])
KeyError: 'tabla'
[2020-12-11 00:13:19,326] {taskinstance.py:1194} INFO - Marking task as UP_FOR_RETRY. dag_id=import-dag, task_id=Importar1, execution_date=20201210T002500, start_date=20201211T001319, end_date=20201211T001319
[2020-12-11 00:13:23,997] {local_task_job.py:102} INFO - Task exited with return code 1
[2020-12-11 00:26:00,402] {taskinstance.py:670} INFO - Dependencies all met for <TaskInstance: import-dag.Importar1 2020-12-10T00:25:00+00:00 [queued]>
[2020-12-11 00:26:00,441] {taskinstance.py:670} INFO - Dependencies all met for <TaskInstance: import-dag.Importar1 2020-12-10T00:25:00+00:00 [queued]>
[2020-12-11 00:26:00,444] {taskinstance.py:880} INFO - 
--------------------------------------------------------------------------------
[2020-12-11 00:26:00,447] {taskinstance.py:881} INFO - Starting attempt 1 of 2
[2020-12-11 00:26:00,448] {taskinstance.py:882} INFO - 
--------------------------------------------------------------------------------
[2020-12-11 00:26:00,478] {taskinstance.py:901} INFO - Executing <Task(PythonOperator): Importar1> on 2020-12-10T00:25:00+00:00
[2020-12-11 00:26:00,484] {standard_task_runner.py:54} INFO - Started process 192 to run task
[2020-12-11 00:26:00,542] {standard_task_runner.py:77} INFO - Running: ['airflow', 'run', 'import-dag', 'Importar1', '2020-12-10T00:25:00+00:00', '--job_id', '35', '--pool', 'default_pool', '--raw', '-sd', 'DAGS_FOLDER/import-dag.py', '--cfg_path', '/tmp/tmpov2xqlsq']
[2020-12-11 00:26:00,551] {standard_task_runner.py:78} INFO - Job 35: Subtask Importar1
[2020-12-11 00:26:00,651] {logging_mixin.py:112} INFO - Running %s on host %s <TaskInstance: import-dag.Importar1 2020-12-10T00:25:00+00:00 [running]> 7d635893eab6
[2020-12-11 00:26:00,709] {import-dag.py:28} INFO - =====Ejecutando Tarea de Importacion =============
[2020-12-11 00:26:00,710] {import-dag.py:29} INFO - ===== Archivo  =============
[2020-12-11 00:26:00,712] {import-dag.py:30} INFO - time_series_covid19_confirmed_global.csv
[2020-12-11 00:26:00,713] {import-dag.py:31} INFO - ===== Tabla  =============
[2020-12-11 00:26:00,715] {import-dag.py:32} INFO - time_series_covid19_confirmed_global
[2020-12-11 00:26:00,717] {python_operator.py:114} INFO - Done. Returned value was: None
[2020-12-11 00:26:00,744] {taskinstance.py:1070} INFO - Marking task as SUCCESS.dag_id=import-dag, task_id=Importar1, execution_date=20201210T002500, start_date=20201211T002600, end_date=20201211T002600
[2020-12-11 00:26:05,351] {local_task_job.py:102} INFO - Task exited with return code 0
