[2020-12-11 00:14:33,498] {taskinstance.py:670} INFO - Dependencies all met for <TaskInstance: import-dag.Importar1 2020-12-10T01:05:00+00:00 [queued]>
[2020-12-11 00:14:33,538] {taskinstance.py:670} INFO - Dependencies all met for <TaskInstance: import-dag.Importar1 2020-12-10T01:05:00+00:00 [queued]>
[2020-12-11 00:14:33,539] {taskinstance.py:880} INFO - 
--------------------------------------------------------------------------------
[2020-12-11 00:14:33,541] {taskinstance.py:881} INFO - Starting attempt 1 of 2
[2020-12-11 00:14:33,542] {taskinstance.py:882} INFO - 
--------------------------------------------------------------------------------
[2020-12-11 00:14:33,559] {taskinstance.py:901} INFO - Executing <Task(PythonOperator): Importar1> on 2020-12-10T01:05:00+00:00
[2020-12-11 00:14:33,570] {standard_task_runner.py:54} INFO - Started process 568 to run task
[2020-12-11 00:14:33,605] {standard_task_runner.py:77} INFO - Running: ['airflow', 'run', 'import-dag', 'Importar1', '2020-12-10T01:05:00+00:00', '--job_id', '21', '--pool', 'default_pool', '--raw', '-sd', 'DAGS_FOLDER/import-dag.py', '--cfg_path', '/tmp/tmp6whbrj8s']
[2020-12-11 00:14:33,608] {standard_task_runner.py:78} INFO - Job 21: Subtask Importar1
[2020-12-11 00:14:33,706] {logging_mixin.py:112} INFO - Running %s on host %s <TaskInstance: import-dag.Importar1 2020-12-10T01:05:00+00:00 [running]> 7d635893eab6
[2020-12-11 00:14:33,768] {import-dag.py:28} INFO - =====Ejecutando Tarea de Importacion =============
[2020-12-11 00:14:33,771] {import-dag.py:29} INFO - ===== Archivo  =============
[2020-12-11 00:14:33,772] {import-dag.py:30} INFO - time_series_covid19_confirmed_global
[2020-12-11 00:14:33,773] {import-dag.py:31} INFO - ===== Tabla  =============
[2020-12-11 00:14:33,774] {taskinstance.py:1150} ERROR - 'tabla'
Traceback (most recent call last):
  File "/home/airflow/.local/lib/python3.6/site-packages/airflow/models/taskinstance.py", line 984, in _run_raw_task
    result = task_copy.execute(context=context)
  File "/home/airflow/.local/lib/python3.6/site-packages/airflow/operators/python_operator.py", line 113, in execute
    return_value = self.execute_callable()
  File "/home/airflow/.local/lib/python3.6/site-packages/airflow/operators/python_operator.py", line 118, in execute_callable
    return self.python_callable(*self.op_args, **self.op_kwargs)
  File "/opt/airflow/dags/import-dag.py", line 32, in importarCsv
    logger.info(kwargs['tabla'])
KeyError: 'tabla'
[2020-12-11 00:14:33,782] {taskinstance.py:1194} INFO - Marking task as UP_FOR_RETRY. dag_id=import-dag, task_id=Importar1, execution_date=20201210T010500, start_date=20201211T001433, end_date=20201211T001433
[2020-12-11 00:14:38,497] {local_task_job.py:102} INFO - Task exited with return code 1
[2020-12-11 02:13:48,878] {taskinstance.py:670} INFO - Dependencies all met for <TaskInstance: import-dag.Importar1 2020-12-10T01:05:00+00:00 [queued]>
[2020-12-11 02:13:48,933] {taskinstance.py:670} INFO - Dependencies all met for <TaskInstance: import-dag.Importar1 2020-12-10T01:05:00+00:00 [queued]>
[2020-12-11 02:13:48,936] {taskinstance.py:880} INFO - 
--------------------------------------------------------------------------------
[2020-12-11 02:13:48,937] {taskinstance.py:881} INFO - Starting attempt 1 of 2
[2020-12-11 02:13:48,939] {taskinstance.py:882} INFO - 
--------------------------------------------------------------------------------
[2020-12-11 02:13:48,966] {taskinstance.py:901} INFO - Executing <Task(PythonOperator): Importar1> on 2020-12-10T01:05:00+00:00
[2020-12-11 02:13:48,974] {standard_task_runner.py:54} INFO - Started process 134 to run task
[2020-12-11 02:13:49,045] {standard_task_runner.py:77} INFO - Running: ['airflow', 'run', 'import-dag', 'Importar1', '2020-12-10T01:05:00+00:00', '--job_id', '89', '--pool', 'default_pool', '--raw', '-sd', 'DAGS_FOLDER/import-dag.py', '--cfg_path', '/tmp/tmpaf3kstdg']
[2020-12-11 02:13:49,050] {standard_task_runner.py:78} INFO - Job 89: Subtask Importar1
[2020-12-11 02:13:49,149] {logging_mixin.py:112} INFO - Running %s on host %s <TaskInstance: import-dag.Importar1 2020-12-10T01:05:00+00:00 [running]> 12e92ec9b790
[2020-12-11 02:13:49,214] {import-dag.py:29} INFO - =====Ejecutando Tarea de Importacion =============
[2020-12-11 02:13:49,216] {import-dag.py:30} INFO - ===== Archivo  =============
[2020-12-11 02:13:49,217] {import-dag.py:31} INFO - time_series_covid19_confirmed_global.csv
[2020-12-11 02:13:49,218] {import-dag.py:32} INFO - ===== Tabla  =============
[2020-12-11 02:13:49,220] {import-dag.py:33} INFO - time_series_covid19_confirmed_global
[2020-12-11 02:13:49,222] {python_operator.py:114} INFO - Done. Returned value was: None
[2020-12-11 02:13:49,250] {taskinstance.py:1070} INFO - Marking task as SUCCESS.dag_id=import-dag, task_id=Importar1, execution_date=20201210T010500, start_date=20201211T021348, end_date=20201211T021349
[2020-12-11 02:13:53,816] {local_task_job.py:102} INFO - Task exited with return code 0
